;  LST file generated by mikroListExporter - v.2.0 
; Date/Time: 11/3/2013 10:48:01 PM
;----------------------------------------------

;Address Opcode 	ASM
0x0000	0x2B27      	GOTO       807
_Delay_1us:
;__Lib_Delays.c,7 :: 		void Delay_1us() {
;__Lib_Delays.c,8 :: 		Delay_us(1);
0x0003	0x0000      	NOP
0x0004	0x0000      	NOP
0x0005	0x0000      	NOP
0x0006	0x0000      	NOP
0x0007	0x0000      	NOP
;__Lib_Delays.c,9 :: 		}
L_end_Delay_1us:
0x0008	0x0008      	RETURN
; end of _Delay_1us
_Delay_5500us:
;__Lib_Delays.c,31 :: 		void Delay_5500us() {
;__Lib_Delays.c,32 :: 		Delay_us(5500);
0x0009	0x3024      	MOVLW      36
0x000A	0x1283      	BCF        STATUS, 5
0x000B	0x1303      	BCF        STATUS, 6
0x000C	0x00FC      	MOVWF      R12
0x000D	0x30B5      	MOVLW      181
0x000E	0x00FD      	MOVWF      R13
L_Delay_5500us5:
0x000F	0x0BFD      	DECFSZ     R13, 1
0x0010	0x280F      	GOTO       L_Delay_5500us5
0x0011	0x0BFC      	DECFSZ     R12, 1
0x0012	0x280F      	GOTO       L_Delay_5500us5
0x0013	0x0000      	NOP
0x0014	0x0000      	NOP
;__Lib_Delays.c,33 :: 		}
L_end_Delay_5500us:
0x0015	0x0008      	RETURN
; end of _Delay_5500us
_Delay_50us:
;__Lib_Delays.c,19 :: 		void Delay_50us() {
;__Lib_Delays.c,20 :: 		Delay_us(50);
0x0016	0x3053      	MOVLW      83
0x0017	0x1283      	BCF        STATUS, 5
0x0018	0x1303      	BCF        STATUS, 6
0x0019	0x00FD      	MOVWF      R13
L_Delay_50us2:
0x001A	0x0BFD      	DECFSZ     R13, 1
0x001B	0x281A      	GOTO       L_Delay_50us2
;__Lib_Delays.c,21 :: 		}
L_end_Delay_50us:
0x001C	0x0008      	RETURN
; end of _Delay_50us
_Lcd_Cmd:
;__Lib_Lcd.c,18 :: 		
;__Lib_Lcd.c,20 :: 		
0x001D	0x1283      	BCF        STATUS, 5
0x001E	0x1303      	BCF        STATUS, 6
0x001F	0x1BE0      	BTFSC      FARG_Lcd_Cmd_out_char, 7
0x0020	0x2823      	GOTO       L__Lcd_Cmd21
0x0021	0x1386      	BCF        LCD_D7, BitPos(LCD_D7+0)
0x0022	0x2824      	GOTO       L__Lcd_Cmd22
L__Lcd_Cmd21:
0x0023	0x1786      	BSF        LCD_D7, BitPos(LCD_D7+0)
L__Lcd_Cmd22:
;__Lib_Lcd.c,21 :: 		
0x0024	0x1B60      	BTFSC      FARG_Lcd_Cmd_out_char, 6
0x0025	0x2828      	GOTO       L__Lcd_Cmd23
0x0026	0x1306      	BCF        LCD_D6, BitPos(LCD_D6+0)
0x0027	0x2829      	GOTO       L__Lcd_Cmd24
L__Lcd_Cmd23:
0x0028	0x1706      	BSF        LCD_D6, BitPos(LCD_D6+0)
L__Lcd_Cmd24:
;__Lib_Lcd.c,22 :: 		
0x0029	0x1AE0      	BTFSC      FARG_Lcd_Cmd_out_char, 5
0x002A	0x282D      	GOTO       L__Lcd_Cmd25
0x002B	0x1286      	BCF        LCD_D5, BitPos(LCD_D5+0)
0x002C	0x282E      	GOTO       L__Lcd_Cmd26
L__Lcd_Cmd25:
0x002D	0x1686      	BSF        LCD_D5, BitPos(LCD_D5+0)
L__Lcd_Cmd26:
;__Lib_Lcd.c,23 :: 		
0x002E	0x1A60      	BTFSC      FARG_Lcd_Cmd_out_char, 4
0x002F	0x2832      	GOTO       L__Lcd_Cmd27
0x0030	0x1206      	BCF        LCD_D4, BitPos(LCD_D4+0)
0x0031	0x2833      	GOTO       L__Lcd_Cmd28
L__Lcd_Cmd27:
0x0032	0x1606      	BSF        LCD_D4, BitPos(LCD_D4+0)
L__Lcd_Cmd28:
;__Lib_Lcd.c,25 :: 		
0x0033	0x184E      	BTFSC      __Lib_Lcd_cmd_status, BitPos(__Lib_Lcd_cmd_status+0)
0x0034	0x2837      	GOTO       L__Lcd_Cmd29
0x0035	0x1586      	BSF        LCD_RS, BitPos(LCD_RS+0)
0x0036	0x2838      	GOTO       L__Lcd_Cmd30
L__Lcd_Cmd29:
0x0037	0x1186      	BCF        LCD_RS, BitPos(LCD_RS+0)
L__Lcd_Cmd30:
;__Lib_Lcd.c,28 :: 		
0x0038	0x1506      	BSF        LCD_EN, BitPos(LCD_EN+0)
;__Lib_Lcd.c,29 :: 		
0x0039	0x2003      	CALL       _Delay_1us
;__Lib_Lcd.c,30 :: 		
0x003A	0x1106      	BCF        LCD_EN, BitPos(LCD_EN+0)
;__Lib_Lcd.c,33 :: 		
0x003B	0x19E0      	BTFSC      FARG_Lcd_Cmd_out_char, 3
0x003C	0x283F      	GOTO       L__Lcd_Cmd31
0x003D	0x1386      	BCF        LCD_D7, BitPos(LCD_D7+0)
0x003E	0x2840      	GOTO       L__Lcd_Cmd32
L__Lcd_Cmd31:
0x003F	0x1786      	BSF        LCD_D7, BitPos(LCD_D7+0)
L__Lcd_Cmd32:
;__Lib_Lcd.c,34 :: 		
0x0040	0x1960      	BTFSC      FARG_Lcd_Cmd_out_char, 2
0x0041	0x2844      	GOTO       L__Lcd_Cmd33
0x0042	0x1306      	BCF        LCD_D6, BitPos(LCD_D6+0)
0x0043	0x2845      	GOTO       L__Lcd_Cmd34
L__Lcd_Cmd33:
0x0044	0x1706      	BSF        LCD_D6, BitPos(LCD_D6+0)
L__Lcd_Cmd34:
;__Lib_Lcd.c,35 :: 		
0x0045	0x18E0      	BTFSC      FARG_Lcd_Cmd_out_char, 1
0x0046	0x2849      	GOTO       L__Lcd_Cmd35
0x0047	0x1286      	BCF        LCD_D5, BitPos(LCD_D5+0)
0x0048	0x284A      	GOTO       L__Lcd_Cmd36
L__Lcd_Cmd35:
0x0049	0x1686      	BSF        LCD_D5, BitPos(LCD_D5+0)
L__Lcd_Cmd36:
;__Lib_Lcd.c,36 :: 		
0x004A	0x1860      	BTFSC      FARG_Lcd_Cmd_out_char, 0
0x004B	0x284E      	GOTO       L__Lcd_Cmd37
0x004C	0x1206      	BCF        LCD_D4, BitPos(LCD_D4+0)
0x004D	0x284F      	GOTO       L__Lcd_Cmd38
L__Lcd_Cmd37:
0x004E	0x1606      	BSF        LCD_D4, BitPos(LCD_D4+0)
L__Lcd_Cmd38:
;__Lib_Lcd.c,38 :: 		
0x004F	0x184E      	BTFSC      __Lib_Lcd_cmd_status, BitPos(__Lib_Lcd_cmd_status+0)
0x0050	0x2853      	GOTO       L__Lcd_Cmd39
0x0051	0x1586      	BSF        LCD_RS, BitPos(LCD_RS+0)
0x0052	0x2854      	GOTO       L__Lcd_Cmd40
L__Lcd_Cmd39:
0x0053	0x1186      	BCF        LCD_RS, BitPos(LCD_RS+0)
L__Lcd_Cmd40:
;__Lib_Lcd.c,40 :: 		
0x0054	0x1506      	BSF        LCD_EN, BitPos(LCD_EN+0)
;__Lib_Lcd.c,41 :: 		
0x0055	0x2003      	CALL       _Delay_1us
;__Lib_Lcd.c,42 :: 		
0x0056	0x1106      	BCF        LCD_EN, BitPos(LCD_EN+0)
;__Lib_Lcd.c,44 :: 		
0x0057	0x1C4E      	BTFSS      __Lib_Lcd_cmd_status, BitPos(__Lib_Lcd_cmd_status+0)
0x0058	0x285B      	GOTO       L_Lcd_Cmd0
;__Lib_Lcd.c,45 :: 		
0x0059	0x2009      	CALL       _Delay_5500us
0x005A	0x285C      	GOTO       L_Lcd_Cmd1
L_Lcd_Cmd0:
;__Lib_Lcd.c,47 :: 		
0x005B	0x2016      	CALL       _Delay_50us
L_Lcd_Cmd1:
;__Lib_Lcd.c,48 :: 		
L_end_Lcd_Cmd:
0x005C	0x0008      	RETURN
; end of _Lcd_Cmd
_UART1_Write:
;__Lib_UART_c67.c,39 :: 		
;__Lib_UART_c67.c,40 :: 		
L_UART1_Write3:
0x005D	0x1683      	BSF        STATUS, 5
0x005E	0x1303      	BCF        STATUS, 6
0x005F	0x1898      	BTFSC      TXSTA, 1
0x0060	0x2863      	GOTO       L_UART1_Write4
;__Lib_UART_c67.c,41 :: 		
0x0061	0x0000      	NOP
0x0062	0x285D      	GOTO       L_UART1_Write3
L_UART1_Write4:
;__Lib_UART_c67.c,42 :: 		
0x0063	0x1283      	BCF        STATUS, 5
0x0064	0x0860      	MOVF       FARG_UART1_Write_data_, 0
0x0065	0x0099      	MOVWF      TXREG
;__Lib_UART_c67.c,43 :: 		
L_end_UART1_Write:
0x0066	0x0008      	RETURN
; end of _UART1_Write
_UART1_Write_Text:
;__Lib_UART_c67.c,47 :: 		
;__Lib_UART_c67.c,48 :: 		
0x0067	0x1283      	BCF        STATUS, 5
0x0068	0x1303      	BCF        STATUS, 6
0x0069	0x01DF      	CLRF       UART1_Write_Text_counter_L0
;__Lib_UART_c67.c,50 :: 		
0x006A	0x085D      	MOVF       FARG_UART1_Write_Text_uart_text, 0
0x006B	0x0084      	MOVWF      FSR
0x006C	0x0800      	MOVF       INDF, 0
0x006D	0x00DE      	MOVWF      UART1_Write_Text_data__L0
;__Lib_UART_c67.c,51 :: 		
L_UART1_Write_Text5:
0x006E	0x085E      	MOVF       UART1_Write_Text_data__L0, 0
0x006F	0x3A00      	XORLW      0
0x0070	0x1903      	BTFSC      STATUS, 2
0x0071	0x287C      	GOTO       L_UART1_Write_Text6
;__Lib_UART_c67.c,52 :: 		
0x0072	0x085E      	MOVF       UART1_Write_Text_data__L0, 0
0x0073	0x00E0      	MOVWF      FARG_UART1_Write_data_
0x0074	0x205D      	CALL       _UART1_Write
;__Lib_UART_c67.c,53 :: 		
0x0075	0x0ADF      	INCF       UART1_Write_Text_counter_L0, 1
;__Lib_UART_c67.c,54 :: 		
0x0076	0x085F      	MOVF       UART1_Write_Text_counter_L0, 0
0x0077	0x075D      	ADDWF      FARG_UART1_Write_Text_uart_text, 0
0x0078	0x0084      	MOVWF      FSR
0x0079	0x0800      	MOVF       INDF, 0
0x007A	0x00DE      	MOVWF      UART1_Write_Text_data__L0
;__Lib_UART_c67.c,55 :: 		
0x007B	0x286E      	GOTO       L_UART1_Write_Text5
L_UART1_Write_Text6:
;__Lib_UART_c67.c,56 :: 		
L_end_UART1_Write_Text:
0x007C	0x0008      	RETURN
; end of _UART1_Write_Text
_Div_16x16_S_L:
;__Lib_Math.c,420 :: 		
;__Lib_Math.c,426 :: 		
0x007D	0x0D71      	RLF        R1, 0
;__Lib_Math.c,427 :: 		
0x007E	0x0DF8      	RLF        R8, 1
;__Lib_Math.c,428 :: 		
0x007F	0x0DF9      	RLF        R9, 1
;__Lib_Math.c,429 :: 		
0x0080	0x0874      	MOVF       R4, 0
;__Lib_Math.c,430 :: 		
0x0081	0x02F8      	SUBWF      R8, 1
;__Lib_Math.c,431 :: 		
0x0082	0x0875      	MOVF       R5, 0
;__Lib_Math.c,432 :: 		
0x0083	0x1C03      	BTFSS      STATUS, 0
;__Lib_Math.c,433 :: 		
0x0084	0x0F75      	INCFSZ     R5, 0
;__Lib_Math.c,434 :: 		
0x0085	0x02F9      	SUBWF      R9, 1
;__Lib_Math.c,435 :: 		
0x0086	0x0DF0      	RLF        R0, 1
;__Lib_Math.c,436 :: 		
0x0087	0x0DF1      	RLF        R1, 1
;__Lib_Math.c,438 :: 		
0x0088	0x300F      	MOVLW      15
;__Lib_Math.c,439 :: 		
0x0089	0x00FC      	MOVWF      R12
;__Lib_Math.c,441 :: 		
0x008A	0x0D71      	RLF        R1, 0
;__Lib_Math.c,442 :: 		
0x008B	0x0DF8      	RLF        R8, 1
;__Lib_Math.c,443 :: 		
0x008C	0x0DF9      	RLF        R9, 1
;__Lib_Math.c,444 :: 		
0x008D	0x0874      	MOVF       R4, 0
;__Lib_Math.c,446 :: 		
0x008E	0x1C70      	BTFSS      R0, 0
;__Lib_Math.c,447 :: 		
0x008F	0x2896      	GOTO       $+7
;__Lib_Math.c,448 :: 		
0x0090	0x02F8      	SUBWF      R8, 1
;__Lib_Math.c,449 :: 		
0x0091	0x0875      	MOVF       R5, 0
;__Lib_Math.c,450 :: 		
0x0092	0x1C03      	BTFSS      STATUS, 0
;__Lib_Math.c,451 :: 		
0x0093	0x0F75      	INCFSZ     R5, 0
;__Lib_Math.c,452 :: 		
0x0094	0x02F9      	SUBWF      R9, 1
;__Lib_Math.c,453 :: 		
0x0095	0x289B      	GOTO       $+6
;__Lib_Math.c,455 :: 		
0x0096	0x07F8      	ADDWF      R8, 1
;__Lib_Math.c,456 :: 		
0x0097	0x0875      	MOVF       R5, 0
;__Lib_Math.c,457 :: 		
0x0098	0x1803      	BTFSC      STATUS, 0
;__Lib_Math.c,458 :: 		
0x0099	0x0F75      	INCFSZ     R5, 0
;__Lib_Math.c,459 :: 		
0x009A	0x07F9      	ADDWF      R9, 1
;__Lib_Math.c,461 :: 		
0x009B	0x0DF0      	RLF        R0, 1
;__Lib_Math.c,462 :: 		
0x009C	0x0DF1      	RLF        R1, 1
;__Lib_Math.c,464 :: 		
0x009D	0x0BFC      	DECFSZ     R12, 1
;__Lib_Math.c,465 :: 		
0x009E	0x288A      	GOTO       $-20
;__Lib_Math.c,467 :: 		
0x009F	0x1870      	BTFSC      R0, 0
;__Lib_Math.c,468 :: 		
0x00A0	0x28A7      	GOTO       $+7
;__Lib_Math.c,469 :: 		
0x00A1	0x0874      	MOVF       R4, 0
;__Lib_Math.c,470 :: 		
0x00A2	0x07F8      	ADDWF      R8, 1
;__Lib_Math.c,471 :: 		
0x00A3	0x0875      	MOVF       R5, 0
;__Lib_Math.c,472 :: 		
0x00A4	0x1803      	BTFSC      STATUS, 0
;__Lib_Math.c,473 :: 		
0x00A5	0x0F75      	INCFSZ     R5, 0
;__Lib_Math.c,474 :: 		
0x00A6	0x07F9      	ADDWF      R9, 1
;__Lib_Math.c,475 :: 		
0x00A7	0x0000      	NOP
;__Lib_Math.c,477 :: 		
L_end_Div_16x16_S_L:
0x00A8	0x0008      	RETURN
; end of _Div_16x16_S_L
_Lcd_Chr_CP:
;__Lib_Lcd.c,50 :: 		
;__Lib_Lcd.c,52 :: 		
0x00A9	0x1283      	BCF        STATUS, 5
0x00AA	0x1303      	BCF        STATUS, 6
0x00AB	0x104E      	BCF        __Lib_Lcd_cmd_status, BitPos(__Lib_Lcd_cmd_status+0)
;__Lib_Lcd.c,53 :: 		
0x00AC	0x085D      	MOVF       FARG_Lcd_Chr_CP_out_char, 0
0x00AD	0x00E0      	MOVWF      FARG_Lcd_Cmd_out_char
0x00AE	0x201D      	CALL       _Lcd_Cmd
;__Lib_Lcd.c,54 :: 		
0x00AF	0x144E      	BSF        __Lib_Lcd_cmd_status, BitPos(__Lib_Lcd_cmd_status+0)
;__Lib_Lcd.c,55 :: 		
L_end_Lcd_Chr_CP:
0x00B0	0x0008      	RETURN
; end of _Lcd_Chr_CP
_Mul_16x16_U:
;__Lib_Math.c,136 :: 		
;__Lib_Math.c,143 :: 		
0x00B1	0x1283      	BCF        STATUS, 5
;__Lib_Math.c,144 :: 		
0x00B2	0x1303      	BCF        STATUS, 6
;__Lib_Math.c,145 :: 		
0x00B3	0x01FB      	CLRF       R11
;__Lib_Math.c,146 :: 		
0x00B4	0x01FA      	CLRF       R10
;__Lib_Math.c,147 :: 		
0x00B5	0x01F9      	CLRF       R9
;__Lib_Math.c,148 :: 		
0x00B6	0x3080      	MOVLW      128
;__Lib_Math.c,149 :: 		
0x00B7	0x00F8      	MOVWF      R8
;__Lib_Math.c,150 :: 		
0x00B8	0x0CF1      	RRF        R1, 1
;__Lib_Math.c,151 :: 		
0x00B9	0x0CF0      	RRF        R0, 1
;__Lib_Math.c,152 :: 		
0x00BA	0x1C03      	BTFSS      STATUS, 0
;__Lib_Math.c,153 :: 		
0x00BB	0x28C5      	GOTO       $+10
;__Lib_Math.c,154 :: 		
0x00BC	0x0874      	MOVF       R4, 0
;__Lib_Math.c,155 :: 		
0x00BD	0x07F9      	ADDWF      R9, 1
;__Lib_Math.c,156 :: 		
0x00BE	0x0875      	MOVF       R5, 0
;__Lib_Math.c,157 :: 		
0x00BF	0x1803      	BTFSC      STATUS, 0
;__Lib_Math.c,158 :: 		
0x00C0	0x0F75      	INCFSZ     R5, 0
;__Lib_Math.c,159 :: 		
0x00C1	0x07FA      	ADDWF      R10, 1
;__Lib_Math.c,160 :: 		
0x00C2	0x1803      	BTFSC      STATUS, 0
;__Lib_Math.c,161 :: 		
0x00C3	0x0AFB      	INCF       R11, 1
;__Lib_Math.c,162 :: 		
0x00C4	0x1003      	BCF        STATUS, 0
;__Lib_Math.c,163 :: 		
0x00C5	0x1FF0      	BTFSS      R0, 7
;__Lib_Math.c,164 :: 		
0x00C6	0x28CD      	GOTO       $+7
;__Lib_Math.c,165 :: 		
0x00C7	0x0874      	MOVF       R4, 0
;__Lib_Math.c,166 :: 		
0x00C8	0x07FA      	ADDWF      R10, 1
;__Lib_Math.c,167 :: 		
0x00C9	0x0875      	MOVF       R5, 0
;__Lib_Math.c,168 :: 		
0x00CA	0x1803      	BTFSC      STATUS, 0
;__Lib_Math.c,169 :: 		
0x00CB	0x0F75      	INCFSZ     R5, 0
;__Lib_Math.c,170 :: 		
0x00CC	0x07FB      	ADDWF      R11, 1
;__Lib_Math.c,171 :: 		
0x00CD	0x0CFB      	RRF        R11, 1
;__Lib_Math.c,172 :: 		
0x00CE	0x0CFA      	RRF        R10, 1
;__Lib_Math.c,173 :: 		
0x00CF	0x0CF9      	RRF        R9, 1
;__Lib_Math.c,174 :: 		
0x00D0	0x0CF8      	RRF        R8, 1
;__Lib_Math.c,175 :: 		
0x00D1	0x1C03      	BTFSS      STATUS, 0
;__Lib_Math.c,176 :: 		
0x00D2	0x28B8      	GOTO       $-26
;__Lib_Math.c,177 :: 		
0x00D3	0x087B      	MOVF       R11, 0
;__Lib_Math.c,178 :: 		
0x00D4	0x00F3      	MOVWF      R3
;__Lib_Math.c,179 :: 		
0x00D5	0x087A      	MOVF       R10, 0
;__Lib_Math.c,180 :: 		
0x00D6	0x00F2      	MOVWF      R2
;__Lib_Math.c,181 :: 		
0x00D7	0x0879      	MOVF       R9, 0
;__Lib_Math.c,182 :: 		
0x00D8	0x00F1      	MOVWF      R1
;__Lib_Math.c,183 :: 		
0x00D9	0x0878      	MOVF       R8, 0
;__Lib_Math.c,184 :: 		
0x00DA	0x00F0      	MOVWF      R0
;__Lib_Math.c,187 :: 		
L_end_Mul_16x16_U:
0x00DB	0x0008      	RETURN
; end of _Mul_16x16_U
_Div_16x16_S:
;__Lib_Math.c,479 :: 		
;__Lib_Math.c,487 :: 		
0x00DC	0x1283      	BCF        STATUS, 5
0x00DD	0x1303      	BCF        STATUS, 6
0x00DE	0x0874      	MOVF       R4, 0
0x00DF	0x3A00      	XORLW      0
0x00E0	0x1D03      	BTFSS      STATUS, 2
0x00E1	0x28EB      	GOTO       L_Div_16x16_S0
;__Lib_Math.c,488 :: 		
0x00E2	0x0875      	MOVF       R5, 0
0x00E3	0x3A00      	XORLW      0
0x00E4	0x1D03      	BTFSS      STATUS, 2
0x00E5	0x28EB      	GOTO       L_Div_16x16_S1
;__Lib_Math.c,489 :: 		
0x00E6	0x30FF      	MOVLW      255
0x00E7	0x00F0      	MOVWF      R0
;__Lib_Math.c,490 :: 		
0x00E8	0x307F      	MOVLW      127
0x00E9	0x00F1      	MOVWF      R1
;__Lib_Math.c,491 :: 		
0x00EA	0x2944      	GOTO       L_end_Div_16x16_S
;__Lib_Math.c,492 :: 		
L_Div_16x16_S1:
L_Div_16x16_S0:
;__Lib_Math.c,495 :: 		
0x00EB	0x1283      	BCF        STATUS, 5
;__Lib_Math.c,496 :: 		
0x00EC	0x1303      	BCF        STATUS, 6
;__Lib_Math.c,497 :: 		
0x00ED	0x01FD      	CLRF       R13
;__Lib_Math.c,498 :: 		
0x00EE	0x01F9      	CLRF       R9
;__Lib_Math.c,499 :: 		
0x00EF	0x01F8      	CLRF       R8
;__Lib_Math.c,500 :: 		
0x00F0	0x0871      	MOVF       R1, 0
;__Lib_Math.c,501 :: 		
0x00F1	0x0470      	IORWF      R0, 0
;__Lib_Math.c,502 :: 		
0x00F2	0x1903      	BTFSC      STATUS, 2
;__Lib_Math.c,503 :: 		
0x00F3	0x3400      	RETLW      0
;__Lib_Math.c,505 :: 		
0x00F4	0x0871      	MOVF       R1, 0
;__Lib_Math.c,506 :: 		
0x00F5	0x0675      	XORWF      R5, 0
;__Lib_Math.c,507 :: 		
0x00F6	0x00FA      	MOVWF      R10
;__Lib_Math.c,508 :: 		
0x00F7	0x1BFA      	BTFSC      R10, 7
;__Lib_Math.c,509 :: 		
0x00F8	0x09FD      	COMF       R13, 1
;__Lib_Math.c,511 :: 		
0x00F9	0x01FB      	CLRF       R11
;__Lib_Math.c,513 :: 		
0x00FA	0x1FF5      	BTFSS      R5, 7
;__Lib_Math.c,514 :: 		
0x00FB	0x2901      	GOTO       $+6
;__Lib_Math.c,516 :: 		
0x00FC	0x09F4      	COMF       R4, 1
;__Lib_Math.c,517 :: 		
0x00FD	0x09F5      	COMF       R5, 1
;__Lib_Math.c,518 :: 		
0x00FE	0x0AF4      	INCF       R4, 1
;__Lib_Math.c,519 :: 		
0x00FF	0x1903      	BTFSC      STATUS, 2
;__Lib_Math.c,520 :: 		
0x0100	0x0AF5      	INCF       R5, 1
;__Lib_Math.c,522 :: 		
0x0101	0x1FF1      	BTFSS      R1, 7
;__Lib_Math.c,523 :: 		
0x0102	0x2908      	GOTO       $+6
;__Lib_Math.c,525 :: 		
0x0103	0x09F0      	COMF       R0, 1
;__Lib_Math.c,526 :: 		
0x0104	0x09F1      	COMF       R1, 1
;__Lib_Math.c,527 :: 		
0x0105	0x0AF0      	INCF       R0, 1
;__Lib_Math.c,528 :: 		
0x0106	0x1903      	BTFSC      STATUS, 2
;__Lib_Math.c,529 :: 		
0x0107	0x0AF1      	INCF       R1, 1
;__Lib_Math.c,531 :: 		
0x0108	0x0871      	MOVF       R1, 0
;__Lib_Math.c,532 :: 		
0x0109	0x0475      	IORWF      R5, 0
;__Lib_Math.c,533 :: 		
0x010A	0x00FA      	MOVWF      R10
;__Lib_Math.c,534 :: 		
0x010B	0x1BFA      	BTFSC      R10, 7
;__Lib_Math.c,535 :: 		
0x010C	0x291D      	GOTO       $+17
;__Lib_Math.c,537 :: 		
0x010D	0x207D      	CALL       _Div_16x16_S_L
;__Lib_Math.c,539 :: 		
0x010E	0x187B      	BTFSC      R11, 0
;__Lib_Math.c,540 :: 		
0x010F	0x2930      	GOTO       $+33
;__Lib_Math.c,542 :: 		
0x0110	0x1FFD      	BTFSS      R13, 7
;__Lib_Math.c,543 :: 		
0x0111	0x3400      	RETLW      0
;__Lib_Math.c,545 :: 		
0x0112	0x09F0      	COMF       R0, 1
;__Lib_Math.c,546 :: 		
0x0113	0x09F1      	COMF       R1, 1
;__Lib_Math.c,547 :: 		
0x0114	0x0AF0      	INCF       R0, 1
;__Lib_Math.c,548 :: 		
0x0115	0x1903      	BTFSC      STATUS, 2
;__Lib_Math.c,549 :: 		
0x0116	0x0AF1      	INCF       R1, 1
;__Lib_Math.c,551 :: 		
0x0117	0x09F8      	COMF       R8, 1
;__Lib_Math.c,552 :: 		
0x0118	0x09F9      	COMF       R9, 1
;__Lib_Math.c,553 :: 		
0x0119	0x0AF8      	INCF       R8, 1
;__Lib_Math.c,554 :: 		
0x011A	0x1903      	BTFSC      STATUS, 2
;__Lib_Math.c,555 :: 		
0x011B	0x0AF9      	INCF       R9, 1
;__Lib_Math.c,557 :: 		
0x011C	0x3400      	RETLW      0
;__Lib_Math.c,559 :: 		
0x011D	0x1FF5      	BTFSS      R5, 7
;__Lib_Math.c,560 :: 		
0x011E	0x292C      	GOTO       $+14
;__Lib_Math.c,561 :: 		
0x011F	0x1BF1      	BTFSC      R1, 7
;__Lib_Math.c,562 :: 		
0x0120	0x2928      	GOTO       $+8
;__Lib_Math.c,563 :: 		
0x0121	0x0871      	MOVF       R1, 0
;__Lib_Math.c,564 :: 		
0x0122	0x00F9      	MOVWF      R9
;__Lib_Math.c,565 :: 		
0x0123	0x0870      	MOVF       R0, 0
;__Lib_Math.c,566 :: 		
0x0124	0x00F8      	MOVWF      R8
;__Lib_Math.c,567 :: 		
0x0125	0x01F1      	CLRF       R1
;__Lib_Math.c,568 :: 		
0x0126	0x01F0      	CLRF       R0
;__Lib_Math.c,569 :: 		
0x0127	0x2910      	GOTO       $-23
;__Lib_Math.c,570 :: 		
0x0128	0x01F1      	CLRF       R1
;__Lib_Math.c,571 :: 		
0x0129	0x01F0      	CLRF       R0
;__Lib_Math.c,572 :: 		
0x012A	0x0AF0      	INCF       R0, 1
;__Lib_Math.c,573 :: 		
0x012B	0x3400      	RETLW      0
;__Lib_Math.c,575 :: 		
0x012C	0x09F1      	COMF       R1, 1
;__Lib_Math.c,576 :: 		
0x012D	0x09F0      	COMF       R0, 1
;__Lib_Math.c,577 :: 		
0x012E	0x0AFB      	INCF       R11, 1
;__Lib_Math.c,578 :: 		
0x012F	0x290D      	GOTO       $-34
;__Lib_Math.c,580 :: 		
0x0130	0x0AF8      	INCF       R8, 1
;__Lib_Math.c,581 :: 		
0x0131	0x1903      	BTFSC      STATUS, 2
;__Lib_Math.c,582 :: 		
0x0132	0x0AF9      	INCF       R9, 1
;__Lib_Math.c,583 :: 		
0x0133	0x0874      	MOVF       R4, 0
;__Lib_Math.c,584 :: 		
0x0134	0x0278      	SUBWF      R8, 0
;__Lib_Math.c,585 :: 		
0x0135	0x1D03      	BTFSS      STATUS, 2
;__Lib_Math.c,586 :: 		
0x0136	0x2910      	GOTO       $-38
;__Lib_Math.c,587 :: 		
0x0137	0x0875      	MOVF       R5, 0
;__Lib_Math.c,588 :: 		
0x0138	0x0279      	SUBWF      R9, 0
;__Lib_Math.c,589 :: 		
0x0139	0x1D03      	BTFSS      STATUS, 2
;__Lib_Math.c,590 :: 		
0x013A	0x2910      	GOTO       $-42
;__Lib_Math.c,591 :: 		
0x013B	0x01F9      	CLRF       R9
;__Lib_Math.c,592 :: 		
0x013C	0x01F8      	CLRF       R8
;__Lib_Math.c,593 :: 		
0x013D	0x0AF0      	INCF       R0, 1
;__Lib_Math.c,594 :: 		
0x013E	0x1903      	BTFSC      STATUS, 2
;__Lib_Math.c,595 :: 		
0x013F	0x0AF1      	INCF       R1, 1
;__Lib_Math.c,596 :: 		
0x0140	0x1FF1      	BTFSS      R1, 7
;__Lib_Math.c,597 :: 		
0x0141	0x2910      	GOTO       $-49
;__Lib_Math.c,598 :: 		
0x0142	0x0000      	NOP
;__Lib_Math.c,599 :: 		
0x0143	0x34FF      	RETLW      255
;__Lib_Math.c,601 :: 		
L_end_Div_16x16_S:
0x0144	0x0008      	RETURN
; end of _Div_16x16_S
_____DoICP:
;__Lib_System.c,6 :: 		
;__Lib_System.c,9 :: 		
0x0145	0x1283      	BCF        STATUS, 5
0x0146	0x1303      	BCF        STATUS, 6
0x0147	0x0847      	MOVF       ___DoICPAddr+1, 0
0x0148	0x008A      	MOVWF      PCLATH
;__Lib_System.c,10 :: 		
0x0149	0x0846      	MOVF       ___DoICPAddr, 0
0x014A	0x0082      	MOVWF      PCL
;__Lib_System.c,12 :: 		
L_end_____DoICP:
0x014B	0x0008      	RETURN
; end of _____DoICP
_uart_write:
;energy_meter_rx_modified.c,24 :: 		void uart_write()
;energy_meter_rx_modified.c,26 :: 		for(i=6;i<=10;i++)
0x014C	0x3006      	MOVLW      6
0x014D	0x1283      	BCF        STATUS, 5
0x014E	0x1303      	BCF        STATUS, 6
0x014F	0x00D1      	MOVWF      _i
0x0150	0x3000      	MOVLW      0
0x0151	0x00D2      	MOVWF      _i+1
L_uart_write0:
0x0152	0x3080      	MOVLW      128
0x0153	0x00F0      	MOVWF      R0
0x0154	0x3080      	MOVLW      128
0x0155	0x0652      	XORWF      _i+1, 0
0x0156	0x0270      	SUBWF      R0, 0
0x0157	0x1D03      	BTFSS      STATUS, 2
0x0158	0x295B      	GOTO       L__uart_write22
0x0159	0x0851      	MOVF       _i, 0
0x015A	0x3C0A      	SUBLW      10
L__uart_write22:
0x015B	0x1C03      	BTFSS      STATUS, 0
0x015C	0x2967      	GOTO       L_uart_write1
;energy_meter_rx_modified.c,27 :: 		{UART1_Write(txt2[i]);
0x015D	0x0851      	MOVF       _i, 0
0x015E	0x3E20      	ADDLW      _txt2
0x015F	0x0084      	MOVWF      FSR
0x0160	0x0800      	MOVF       INDF, 0
0x0161	0x00E0      	MOVWF      FARG_UART1_Write_data_
0x0162	0x205D      	CALL       _UART1_Write
;energy_meter_rx_modified.c,26 :: 		for(i=6;i<=10;i++)
0x0163	0x0AD1      	INCF       _i, 1
0x0164	0x1903      	BTFSC      STATUS, 2
0x0165	0x0AD2      	INCF       _i+1, 1
;energy_meter_rx_modified.c,28 :: 		}
0x0166	0x2952      	GOTO       L_uart_write0
L_uart_write1:
;energy_meter_rx_modified.c,29 :: 		UART1_Write('s');
0x0167	0x3073      	MOVLW      115
0x0168	0x00E0      	MOVWF      FARG_UART1_Write_data_
0x0169	0x205D      	CALL       _UART1_Write
;energy_meter_rx_modified.c,30 :: 		for(i=5;i<=9;i++)
0x016A	0x3005      	MOVLW      5
0x016B	0x00D1      	MOVWF      _i
0x016C	0x3000      	MOVLW      0
0x016D	0x00D2      	MOVWF      _i+1
L_uart_write3:
0x016E	0x3080      	MOVLW      128
0x016F	0x00F0      	MOVWF      R0
0x0170	0x3080      	MOVLW      128
0x0171	0x0652      	XORWF      _i+1, 0
0x0172	0x0270      	SUBWF      R0, 0
0x0173	0x1D03      	BTFSS      STATUS, 2
0x0174	0x2977      	GOTO       L__uart_write23
0x0175	0x0851      	MOVF       _i, 0
0x0176	0x3C09      	SUBLW      9
L__uart_write23:
0x0177	0x1C03      	BTFSS      STATUS, 0
0x0178	0x2983      	GOTO       L_uart_write4
;energy_meter_rx_modified.c,32 :: 		UART1_Write(txt3[i]);
0x0179	0x0851      	MOVF       _i, 0
0x017A	0x3E2C      	ADDLW      _txt3
0x017B	0x0084      	MOVWF      FSR
0x017C	0x0800      	MOVF       INDF, 0
0x017D	0x00E0      	MOVWF      FARG_UART1_Write_data_
0x017E	0x205D      	CALL       _UART1_Write
;energy_meter_rx_modified.c,30 :: 		for(i=5;i<=9;i++)
0x017F	0x0AD1      	INCF       _i, 1
0x0180	0x1903      	BTFSC      STATUS, 2
0x0181	0x0AD2      	INCF       _i+1, 1
;energy_meter_rx_modified.c,33 :: 		}
0x0182	0x296E      	GOTO       L_uart_write3
L_uart_write4:
;energy_meter_rx_modified.c,34 :: 		UART1_Write_Text("\n");
0x0183	0x3037      	MOVLW      ?lstr1_energy_meter_rx_modified
0x0184	0x00DD      	MOVWF      FARG_UART1_Write_Text_uart_text
0x0185	0x2067      	CALL       _UART1_Write_Text
;energy_meter_rx_modified.c,35 :: 		}
L_end_uart_write:
0x0186	0x0008      	RETURN
; end of _uart_write
_Lcd_Out:
;__Lib_Lcd.c,184 :: 		
;__Lib_Lcd.c,187 :: 		
0x0187	0x2999      	GOTO       L_Lcd_Out11
;__Lib_Lcd.c,188 :: 		
L_Lcd_Out13:
0x0188	0x3080      	MOVLW      128
0x0189	0x1283      	BCF        STATUS, 5
0x018A	0x1303      	BCF        STATUS, 6
0x018B	0x00D9      	MOVWF      FARG_Lcd_Out_row
0x018C	0x29AC      	GOTO       L_Lcd_Out12
;__Lib_Lcd.c,189 :: 		
L_Lcd_Out14:
0x018D	0x30C0      	MOVLW      192
0x018E	0x00D9      	MOVWF      FARG_Lcd_Out_row
0x018F	0x29AC      	GOTO       L_Lcd_Out12
;__Lib_Lcd.c,190 :: 		
L_Lcd_Out15:
0x0190	0x3094      	MOVLW      148
0x0191	0x00D9      	MOVWF      FARG_Lcd_Out_row
0x0192	0x29AC      	GOTO       L_Lcd_Out12
;__Lib_Lcd.c,191 :: 		
L_Lcd_Out16:
0x0193	0x30D4      	MOVLW      212
0x0194	0x00D9      	MOVWF      FARG_Lcd_Out_row
0x0195	0x29AC      	GOTO       L_Lcd_Out12
;__Lib_Lcd.c,192 :: 		
L_Lcd_Out17:
0x0196	0x3080      	MOVLW      128
0x0197	0x00D9      	MOVWF      FARG_Lcd_Out_row
;__Lib_Lcd.c,193 :: 		
0x0198	0x29AC      	GOTO       L_Lcd_Out12
L_Lcd_Out11:
0x0199	0x1283      	BCF        STATUS, 5
0x019A	0x1303      	BCF        STATUS, 6
0x019B	0x0859      	MOVF       FARG_Lcd_Out_row, 0
0x019C	0x3A01      	XORLW      1
0x019D	0x1903      	BTFSC      STATUS, 2
0x019E	0x2988      	GOTO       L_Lcd_Out13
0x019F	0x0859      	MOVF       FARG_Lcd_Out_row, 0
0x01A0	0x3A02      	XORLW      2
0x01A1	0x1903      	BTFSC      STATUS, 2
0x01A2	0x298D      	GOTO       L_Lcd_Out14
0x01A3	0x0859      	MOVF       FARG_Lcd_Out_row, 0
0x01A4	0x3A03      	XORLW      3
0x01A5	0x1903      	BTFSC      STATUS, 2
0x01A6	0x2990      	GOTO       L_Lcd_Out15
0x01A7	0x0859      	MOVF       FARG_Lcd_Out_row, 0
0x01A8	0x3A04      	XORLW      4
0x01A9	0x1903      	BTFSC      STATUS, 2
0x01AA	0x2993      	GOTO       L_Lcd_Out16
0x01AB	0x2996      	GOTO       L_Lcd_Out17
L_Lcd_Out12:
;__Lib_Lcd.c,194 :: 		
0x01AC	0x035A      	DECF       FARG_Lcd_Out_column, 0
0x01AD	0x00F0      	MOVWF      R0
0x01AE	0x0859      	MOVF       FARG_Lcd_Out_row, 0
0x01AF	0x07F0      	ADDWF      R0, 1
0x01B0	0x0870      	MOVF       R0, 0
0x01B1	0x00D9      	MOVWF      FARG_Lcd_Out_row
;__Lib_Lcd.c,196 :: 		
0x01B2	0x0870      	MOVF       R0, 0
0x01B3	0x00E0      	MOVWF      FARG_Lcd_Cmd_out_char
0x01B4	0x201D      	CALL       _Lcd_Cmd
;__Lib_Lcd.c,197 :: 		
0x01B5	0x104E      	BCF        __Lib_Lcd_cmd_status, BitPos(__Lib_Lcd_cmd_status+0)
;__Lib_Lcd.c,198 :: 		
0x01B6	0x01DC      	CLRF       Lcd_Out_i_L0
;__Lib_Lcd.c,199 :: 		
L_Lcd_Out18:
0x01B7	0x085C      	MOVF       Lcd_Out_i_L0, 0
0x01B8	0x075B      	ADDWF      FARG_Lcd_Out_text, 0
0x01B9	0x0084      	MOVWF      FSR
0x01BA	0x0800      	MOVF       INDF, 0
0x01BB	0x1903      	BTFSC      STATUS, 2
0x01BC	0x29C5      	GOTO       L_Lcd_Out19
;__Lib_Lcd.c,200 :: 		
0x01BD	0x085C      	MOVF       Lcd_Out_i_L0, 0
0x01BE	0x075B      	ADDWF      FARG_Lcd_Out_text, 0
0x01BF	0x0084      	MOVWF      FSR
0x01C0	0x0800      	MOVF       INDF, 0
0x01C1	0x00DD      	MOVWF      FARG_Lcd_Chr_CP_out_char
0x01C2	0x20A9      	CALL       _Lcd_Chr_CP
0x01C3	0x0ADC      	INCF       Lcd_Out_i_L0, 1
0x01C4	0x29B7      	GOTO       L_Lcd_Out18
L_Lcd_Out19:
;__Lib_Lcd.c,201 :: 		
0x01C5	0x144E      	BSF        __Lib_Lcd_cmd_status, BitPos(__Lib_Lcd_cmd_status+0)
;__Lib_Lcd.c,202 :: 		
L_end_Lcd_Out:
0x01C6	0x0008      	RETURN
; end of _Lcd_Out
_show_bill:
;energy_meter_rx_modified.c,55 :: 		void show_bill( int bill, int unit)
;energy_meter_rx_modified.c,58 :: 		Lcd_Cmd(_LCD_CLEAR);
0x01C7	0x3001      	MOVLW      1
0x01C8	0x1283      	BCF        STATUS, 5
0x01C9	0x1303      	BCF        STATUS, 6
0x01CA	0x00E0      	MOVWF      FARG_Lcd_Cmd_out_char
0x01CB	0x201D      	CALL       _Lcd_Cmd
;energy_meter_rx_modified.c,59 :: 		txt2[10] = (unit%10)+48;
0x01CC	0x300A      	MOVLW      10
0x01CD	0x00F4      	MOVWF      R4
0x01CE	0x3000      	MOVLW      0
0x01CF	0x00F5      	MOVWF      R4+1
0x01D0	0x0857      	MOVF       FARG_show_bill_unit, 0
0x01D1	0x00F0      	MOVWF      R0
0x01D2	0x0858      	MOVF       FARG_show_bill_unit+1, 0
0x01D3	0x00F1      	MOVWF      R0+1
0x01D4	0x20DC      	CALL       _Div_16x16_S
0x01D5	0x0878      	MOVF       R8, 0
0x01D6	0x00F0      	MOVWF      R0
0x01D7	0x0879      	MOVF       R8+1, 0
0x01D8	0x00F1      	MOVWF      R0+1
0x01D9	0x3030      	MOVLW      48
0x01DA	0x0770      	ADDWF      R0, 0
0x01DB	0x00AA      	MOVWF      _txt2+10
;energy_meter_rx_modified.c,60 :: 		txt2[9] = ((unit/10)%10)+48;
0x01DC	0x300A      	MOVLW      10
0x01DD	0x00F4      	MOVWF      R4
0x01DE	0x3000      	MOVLW      0
0x01DF	0x00F5      	MOVWF      R4+1
0x01E0	0x0857      	MOVF       FARG_show_bill_unit, 0
0x01E1	0x00F0      	MOVWF      R0
0x01E2	0x0858      	MOVF       FARG_show_bill_unit+1, 0
0x01E3	0x00F1      	MOVWF      R0+1
0x01E4	0x20DC      	CALL       _Div_16x16_S
0x01E5	0x300A      	MOVLW      10
0x01E6	0x00F4      	MOVWF      R4
0x01E7	0x3000      	MOVLW      0
0x01E8	0x00F5      	MOVWF      R4+1
0x01E9	0x20DC      	CALL       _Div_16x16_S
0x01EA	0x0878      	MOVF       R8, 0
0x01EB	0x00F0      	MOVWF      R0
0x01EC	0x0879      	MOVF       R8+1, 0
0x01ED	0x00F1      	MOVWF      R0+1
0x01EE	0x3030      	MOVLW      48
0x01EF	0x0770      	ADDWF      R0, 0
0x01F0	0x00A9      	MOVWF      _txt2+9
;energy_meter_rx_modified.c,61 :: 		txt2[8] = ((unit/100)%10)+48;
0x01F1	0x3064      	MOVLW      100
0x01F2	0x00F4      	MOVWF      R4
0x01F3	0x3000      	MOVLW      0
0x01F4	0x00F5      	MOVWF      R4+1
0x01F5	0x0857      	MOVF       FARG_show_bill_unit, 0
0x01F6	0x00F0      	MOVWF      R0
0x01F7	0x0858      	MOVF       FARG_show_bill_unit+1, 0
0x01F8	0x00F1      	MOVWF      R0+1
0x01F9	0x20DC      	CALL       _Div_16x16_S
0x01FA	0x300A      	MOVLW      10
0x01FB	0x00F4      	MOVWF      R4
0x01FC	0x3000      	MOVLW      0
0x01FD	0x00F5      	MOVWF      R4+1
0x01FE	0x20DC      	CALL       _Div_16x16_S
0x01FF	0x0878      	MOVF       R8, 0
0x0200	0x00F0      	MOVWF      R0
0x0201	0x0879      	MOVF       R8+1, 0
0x0202	0x00F1      	MOVWF      R0+1
0x0203	0x3030      	MOVLW      48
0x0204	0x0770      	ADDWF      R0, 0
0x0205	0x00A8      	MOVWF      _txt2+8
;energy_meter_rx_modified.c,62 :: 		txt2[7] = ((unit/1000)%10)+48;
0x0206	0x30E8      	MOVLW      232
0x0207	0x00F4      	MOVWF      R4
0x0208	0x3003      	MOVLW      3
0x0209	0x00F5      	MOVWF      R4+1
0x020A	0x0857      	MOVF       FARG_show_bill_unit, 0
0x020B	0x00F0      	MOVWF      R0
0x020C	0x0858      	MOVF       FARG_show_bill_unit+1, 0
0x020D	0x00F1      	MOVWF      R0+1
0x020E	0x20DC      	CALL       _Div_16x16_S
0x020F	0x300A      	MOVLW      10
0x0210	0x00F4      	MOVWF      R4
0x0211	0x3000      	MOVLW      0
0x0212	0x00F5      	MOVWF      R4+1
0x0213	0x20DC      	CALL       _Div_16x16_S
0x0214	0x0878      	MOVF       R8, 0
0x0215	0x00F0      	MOVWF      R0
0x0216	0x0879      	MOVF       R8+1, 0
0x0217	0x00F1      	MOVWF      R0+1
0x0218	0x3030      	MOVLW      48
0x0219	0x0770      	ADDWF      R0, 0
0x021A	0x00A7      	MOVWF      _txt2+7
;energy_meter_rx_modified.c,63 :: 		txt2[6] = (unit/10000)+48;
0x021B	0x3010      	MOVLW      16
0x021C	0x00F4      	MOVWF      R4
0x021D	0x3027      	MOVLW      39
0x021E	0x00F5      	MOVWF      R4+1
0x021F	0x0857      	MOVF       FARG_show_bill_unit, 0
0x0220	0x00F0      	MOVWF      R0
0x0221	0x0858      	MOVF       FARG_show_bill_unit+1, 0
0x0222	0x00F1      	MOVWF      R0+1
0x0223	0x20DC      	CALL       _Div_16x16_S
0x0224	0x3030      	MOVLW      48
0x0225	0x0770      	ADDWF      R0, 0
0x0226	0x00A6      	MOVWF      _txt2+6
;energy_meter_rx_modified.c,66 :: 		txt3[9] = (bill%10)+48;
0x0227	0x300A      	MOVLW      10
0x0228	0x00F4      	MOVWF      R4
0x0229	0x3000      	MOVLW      0
0x022A	0x00F5      	MOVWF      R4+1
0x022B	0x0855      	MOVF       FARG_show_bill_bill, 0
0x022C	0x00F0      	MOVWF      R0
0x022D	0x0856      	MOVF       FARG_show_bill_bill+1, 0
0x022E	0x00F1      	MOVWF      R0+1
0x022F	0x20DC      	CALL       _Div_16x16_S
0x0230	0x0878      	MOVF       R8, 0
0x0231	0x00F0      	MOVWF      R0
0x0232	0x0879      	MOVF       R8+1, 0
0x0233	0x00F1      	MOVWF      R0+1
0x0234	0x3030      	MOVLW      48
0x0235	0x0770      	ADDWF      R0, 0
0x0236	0x00B5      	MOVWF      _txt3+9
;energy_meter_rx_modified.c,67 :: 		txt3[8] = ((bill/10)%10)+48;
0x0237	0x300A      	MOVLW      10
0x0238	0x00F4      	MOVWF      R4
0x0239	0x3000      	MOVLW      0
0x023A	0x00F5      	MOVWF      R4+1
0x023B	0x0855      	MOVF       FARG_show_bill_bill, 0
0x023C	0x00F0      	MOVWF      R0
0x023D	0x0856      	MOVF       FARG_show_bill_bill+1, 0
0x023E	0x00F1      	MOVWF      R0+1
0x023F	0x20DC      	CALL       _Div_16x16_S
0x0240	0x300A      	MOVLW      10
0x0241	0x00F4      	MOVWF      R4
0x0242	0x3000      	MOVLW      0
0x0243	0x00F5      	MOVWF      R4+1
0x0244	0x20DC      	CALL       _Div_16x16_S
0x0245	0x0878      	MOVF       R8, 0
0x0246	0x00F0      	MOVWF      R0
0x0247	0x0879      	MOVF       R8+1, 0
0x0248	0x00F1      	MOVWF      R0+1
0x0249	0x3030      	MOVLW      48
0x024A	0x0770      	ADDWF      R0, 0
0x024B	0x00B4      	MOVWF      _txt3+8
;energy_meter_rx_modified.c,68 :: 		txt3[7] = ((bill/100)%10)+48;
0x024C	0x3064      	MOVLW      100
0x024D	0x00F4      	MOVWF      R4
0x024E	0x3000      	MOVLW      0
0x024F	0x00F5      	MOVWF      R4+1
0x0250	0x0855      	MOVF       FARG_show_bill_bill, 0
0x0251	0x00F0      	MOVWF      R0
0x0252	0x0856      	MOVF       FARG_show_bill_bill+1, 0
0x0253	0x00F1      	MOVWF      R0+1
0x0254	0x20DC      	CALL       _Div_16x16_S
0x0255	0x300A      	MOVLW      10
0x0256	0x00F4      	MOVWF      R4
0x0257	0x3000      	MOVLW      0
0x0258	0x00F5      	MOVWF      R4+1
0x0259	0x20DC      	CALL       _Div_16x16_S
0x025A	0x0878      	MOVF       R8, 0
0x025B	0x00F0      	MOVWF      R0
0x025C	0x0879      	MOVF       R8+1, 0
0x025D	0x00F1      	MOVWF      R0+1
0x025E	0x3030      	MOVLW      48
0x025F	0x0770      	ADDWF      R0, 0
0x0260	0x00B3      	MOVWF      _txt3+7
;energy_meter_rx_modified.c,69 :: 		txt3[6] = ((bill/1000)%10)+48;
0x0261	0x30E8      	MOVLW      232
0x0262	0x00F4      	MOVWF      R4
0x0263	0x3003      	MOVLW      3
0x0264	0x00F5      	MOVWF      R4+1
0x0265	0x0855      	MOVF       FARG_show_bill_bill, 0
0x0266	0x00F0      	MOVWF      R0
0x0267	0x0856      	MOVF       FARG_show_bill_bill+1, 0
0x0268	0x00F1      	MOVWF      R0+1
0x0269	0x20DC      	CALL       _Div_16x16_S
0x026A	0x300A      	MOVLW      10
0x026B	0x00F4      	MOVWF      R4
0x026C	0x3000      	MOVLW      0
0x026D	0x00F5      	MOVWF      R4+1
0x026E	0x20DC      	CALL       _Div_16x16_S
0x026F	0x0878      	MOVF       R8, 0
0x0270	0x00F0      	MOVWF      R0
0x0271	0x0879      	MOVF       R8+1, 0
0x0272	0x00F1      	MOVWF      R0+1
0x0273	0x3030      	MOVLW      48
0x0274	0x0770      	ADDWF      R0, 0
0x0275	0x00B2      	MOVWF      _txt3+6
;energy_meter_rx_modified.c,70 :: 		txt3[5] = (bill/10000)+48;
0x0276	0x3010      	MOVLW      16
0x0277	0x00F4      	MOVWF      R4
0x0278	0x3027      	MOVLW      39
0x0279	0x00F5      	MOVWF      R4+1
0x027A	0x0855      	MOVF       FARG_show_bill_bill, 0
0x027B	0x00F0      	MOVWF      R0
0x027C	0x0856      	MOVF       FARG_show_bill_bill+1, 0
0x027D	0x00F1      	MOVWF      R0+1
0x027E	0x20DC      	CALL       _Div_16x16_S
0x027F	0x3030      	MOVLW      48
0x0280	0x0770      	ADDWF      R0, 0
0x0281	0x00B1      	MOVWF      _txt3+5
;energy_meter_rx_modified.c,72 :: 		Lcd_Out(1,1,txt2);
0x0282	0x3001      	MOVLW      1
0x0283	0x00D9      	MOVWF      FARG_Lcd_Out_row
0x0284	0x3001      	MOVLW      1
0x0285	0x00DA      	MOVWF      FARG_Lcd_Out_column
0x0286	0x3020      	MOVLW      _txt2
0x0287	0x00DB      	MOVWF      FARG_Lcd_Out_text
0x0288	0x2187      	CALL       _Lcd_Out
;energy_meter_rx_modified.c,73 :: 		Lcd_Out(2,1,txt3);
0x0289	0x3002      	MOVLW      2
0x028A	0x00D9      	MOVWF      FARG_Lcd_Out_row
0x028B	0x3001      	MOVLW      1
0x028C	0x00DA      	MOVWF      FARG_Lcd_Out_column
0x028D	0x302C      	MOVLW      _txt3
0x028E	0x00DB      	MOVWF      FARG_Lcd_Out_text
0x028F	0x2187      	CALL       _Lcd_Out
;energy_meter_rx_modified.c,74 :: 		delay_ms(500);
0x0290	0x300D      	MOVLW      13
0x0291	0x00FB      	MOVWF      R11
0x0292	0x30AF      	MOVLW      175
0x0293	0x00FC      	MOVWF      R12
0x0294	0x30B6      	MOVLW      182
0x0295	0x00FD      	MOVWF      R13
L_show_bill6:
0x0296	0x0BFD      	DECFSZ     R13, 1
0x0297	0x2A96      	GOTO       L_show_bill6
0x0298	0x0BFC      	DECFSZ     R12, 1
0x0299	0x2A96      	GOTO       L_show_bill6
0x029A	0x0BFB      	DECFSZ     R11, 1
0x029B	0x2A96      	GOTO       L_show_bill6
0x029C	0x0000      	NOP
;energy_meter_rx_modified.c,75 :: 		i=0;
0x029D	0x01D1      	CLRF       _i
0x029E	0x01D2      	CLRF       _i+1
;energy_meter_rx_modified.c,76 :: 		uart_write();
0x029F	0x214C      	CALL       _uart_write
;energy_meter_rx_modified.c,77 :: 		}
L_end_show_bill:
0x02A0	0x0008      	RETURN
; end of _show_bill
_user_bill:
;energy_meter_rx_modified.c,48 :: 		int user_bill( int unit)
;energy_meter_rx_modified.c,51 :: 		total_bill= unit*2;
0x02A1	0x1283      	BCF        STATUS, 5
0x02A2	0x1303      	BCF        STATUS, 6
0x02A3	0x0855      	MOVF       FARG_user_bill_unit, 0
0x02A4	0x00F0      	MOVWF      R0
0x02A5	0x0856      	MOVF       FARG_user_bill_unit+1, 0
0x02A6	0x00F1      	MOVWF      R0+1
0x02A7	0x0DF0      	RLF        R0, 1
0x02A8	0x0DF1      	RLF        R0+1, 1
0x02A9	0x1070      	BCF        R0, 0
;energy_meter_rx_modified.c,52 :: 		return total_bill;
;energy_meter_rx_modified.c,54 :: 		}
L_end_user_bill:
0x02AA	0x0008      	RETURN
; end of _user_bill
_unit_uses:
;energy_meter_rx_modified.c,41 :: 		int unit_uses( int count, int cvalue)
;energy_meter_rx_modified.c,44 :: 		total_unit= 15 * count + cvalue;
0x02AB	0x300F      	MOVLW      15
0x02AC	0x1283      	BCF        STATUS, 5
0x02AD	0x1303      	BCF        STATUS, 6
0x02AE	0x00F0      	MOVWF      R0
0x02AF	0x3000      	MOVLW      0
0x02B0	0x00F1      	MOVWF      R0+1
0x02B1	0x0855      	MOVF       FARG_unit_uses_count, 0
0x02B2	0x00F4      	MOVWF      R4
0x02B3	0x0856      	MOVF       FARG_unit_uses_count+1, 0
0x02B4	0x00F5      	MOVWF      R4+1
0x02B5	0x20B1      	CALL       _Mul_16x16_U
0x02B6	0x0857      	MOVF       FARG_unit_uses_cvalue, 0
0x02B7	0x07F0      	ADDWF      R0, 1
0x02B8	0x0858      	MOVF       FARG_unit_uses_cvalue+1, 0
0x02B9	0x1803      	BTFSC      STATUS, 0
0x02BA	0x3E01      	ADDLW      1
0x02BB	0x07F1      	ADDWF      R0+1, 1
;energy_meter_rx_modified.c,45 :: 		return total_unit;
;energy_meter_rx_modified.c,46 :: 		}
L_end_unit_uses:
0x02BC	0x0008      	RETURN
; end of _unit_uses
_UART1_Init:
;__Lib_UART_c67.c,2 :: 		
;__Lib_UART_c67.c,5 :: 		
0x02BD	0x1683      	BSF        STATUS, 5
0x02BE	0x1303      	BCF        STATUS, 6
0x02BF	0x1698      	BSF        TXSTA, 5
;__Lib_UART_c67.c,6 :: 		
0x02C0	0x3090      	MOVLW      144
0x02C1	0x1283      	BCF        STATUS, 5
0x02C2	0x0098      	MOVWF      RCSTA
;__Lib_UART_c67.c,7 :: 		
0x02C3	0x1683      	BSF        STATUS, 5
0x02C4	0x1787      	BSF        TRISC7_bit, 7
;__Lib_UART_c67.c,8 :: 		
0x02C5	0x1307      	BCF        TRISC6_bit, 6
;__Lib_UART_c67.c,10 :: 		
L_UART1_Init0:
0x02C6	0x1283      	BCF        STATUS, 5
0x02C7	0x1E8C      	BTFSS      PIR1, 5
0x02C8	0x2ACC      	GOTO       L_UART1_Init1
;__Lib_UART_c67.c,11 :: 		
0x02C9	0x081A      	MOVF       RCREG, 0
0x02CA	0x00F0      	MOVWF      R0
0x02CB	0x2AC6      	GOTO       L_UART1_Init0
L_UART1_Init1:
;__Lib_UART_c67.c,12 :: 		
L_end_UART1_Init:
0x02CC	0x0008      	RETURN
; end of _UART1_Init
___CC2DW:
;__Lib_System.c,134 :: 		
;__Lib_System.c,137 :: 		
_CC2D_Loop1:
;__Lib_System.c,139 :: 		
0x02CD	0x2145      	CALL       _____DoICP
0x02CE	0x118A      	BCF        PCLATH, 3
0x02CF	0x120A      	BCF        PCLATH, 4
;__Lib_System.c,141 :: 		
0x02D0	0x0080      	MOVWF      INDF
;__Lib_System.c,142 :: 		
0x02D1	0x0A84      	INCF       FSR, 1
;__Lib_System.c,143 :: 		
0x02D2	0x0AC6      	INCF       ___DoICPAddr, 1
;__Lib_System.c,145 :: 		
0x02D3	0x1903      	BTFSC      STATUS, 2
;__Lib_System.c,146 :: 		
0x02D4	0x0AC7      	INCF       ___DoICPAddr+1, 1
;__Lib_System.c,147 :: 		
0x02D5	0x03F0      	DECF       R0, 1
;__Lib_System.c,149 :: 		
0x02D6	0x1D03      	BTFSS      STATUS, 2
;__Lib_System.c,150 :: 		
0x02D7	0x2ACD      	GOTO       _CC2D_Loop1
;__Lib_System.c,152 :: 		
L_end___CC2DW:
0x02D8	0x0008      	RETURN
; end of ___CC2DW
_Lcd_Init:
;__Lib_Lcd.c,84 :: 		
;__Lib_Lcd.c,86 :: 		
0x02D9	0x1683      	BSF        STATUS, 5
0x02DA	0x1303      	BCF        STATUS, 6
0x02DB	0x1106      	BCF        LCD_EN_Direction, BitPos(LCD_EN_Direction+0)
;__Lib_Lcd.c,87 :: 		
0x02DC	0x1186      	BCF        LCD_RS_Direction, BitPos(LCD_RS_Direction+0)
;__Lib_Lcd.c,88 :: 		
0x02DD	0x1206      	BCF        LCD_D4_Direction, BitPos(LCD_D4_Direction+0)
;__Lib_Lcd.c,89 :: 		
0x02DE	0x1286      	BCF        LCD_D5_Direction, BitPos(LCD_D5_Direction+0)
;__Lib_Lcd.c,90 :: 		
0x02DF	0x1306      	BCF        LCD_D6_Direction, BitPos(LCD_D6_Direction+0)
;__Lib_Lcd.c,91 :: 		
0x02E0	0x1386      	BCF        LCD_D7_Direction, BitPos(LCD_D7_Direction+0)
;__Lib_Lcd.c,93 :: 		
0x02E1	0x1283      	BCF        STATUS, 5
0x02E2	0x1106      	BCF        LCD_EN, BitPos(LCD_EN+0)
;__Lib_Lcd.c,94 :: 		
0x02E3	0x1186      	BCF        LCD_RS, BitPos(LCD_RS+0)
;__Lib_Lcd.c,95 :: 		
0x02E4	0x1386      	BCF        LCD_D7, BitPos(LCD_D7+0)
;__Lib_Lcd.c,96 :: 		
0x02E5	0x1306      	BCF        LCD_D6, BitPos(LCD_D6+0)
;__Lib_Lcd.c,97 :: 		
0x02E6	0x1286      	BCF        LCD_D5, BitPos(LCD_D5+0)
;__Lib_Lcd.c,98 :: 		
0x02E7	0x1206      	BCF        LCD_D4, BitPos(LCD_D4+0)
;__Lib_Lcd.c,100 :: 		
0x02E8	0x2009      	CALL       _Delay_5500us
;__Lib_Lcd.c,101 :: 		
0x02E9	0x2009      	CALL       _Delay_5500us
;__Lib_Lcd.c,102 :: 		
0x02EA	0x2009      	CALL       _Delay_5500us
;__Lib_Lcd.c,105 :: 		
0x02EB	0x1686      	BSF        LCD_D5, BitPos(LCD_D5+0)
;__Lib_Lcd.c,106 :: 		
0x02EC	0x1606      	BSF        LCD_D4, BitPos(LCD_D4+0)
;__Lib_Lcd.c,107 :: 		
0x02ED	0x1506      	BSF        LCD_EN, BitPos(LCD_EN+0)
;__Lib_Lcd.c,108 :: 		
0x02EE	0x2003      	CALL       _Delay_1us
;__Lib_Lcd.c,109 :: 		
0x02EF	0x1106      	BCF        LCD_EN, BitPos(LCD_EN+0)
;__Lib_Lcd.c,110 :: 		
0x02F0	0x2009      	CALL       _Delay_5500us
;__Lib_Lcd.c,112 :: 		
0x02F1	0x1506      	BSF        LCD_EN, BitPos(LCD_EN+0)
;__Lib_Lcd.c,113 :: 		
0x02F2	0x2003      	CALL       _Delay_1us
;__Lib_Lcd.c,114 :: 		
0x02F3	0x1106      	BCF        LCD_EN, BitPos(LCD_EN+0)
;__Lib_Lcd.c,115 :: 		
0x02F4	0x2009      	CALL       _Delay_5500us
;__Lib_Lcd.c,117 :: 		
0x02F5	0x1506      	BSF        LCD_EN, BitPos(LCD_EN+0)
;__Lib_Lcd.c,118 :: 		
0x02F6	0x2003      	CALL       _Delay_1us
;__Lib_Lcd.c,119 :: 		
0x02F7	0x1106      	BCF        LCD_EN, BitPos(LCD_EN+0)
;__Lib_Lcd.c,120 :: 		
0x02F8	0x2009      	CALL       _Delay_5500us
;__Lib_Lcd.c,123 :: 		
0x02F9	0x1206      	BCF        LCD_D4, BitPos(LCD_D4+0)
;__Lib_Lcd.c,124 :: 		
0x02FA	0x1506      	BSF        LCD_EN, BitPos(LCD_EN+0)
;__Lib_Lcd.c,125 :: 		
0x02FB	0x2003      	CALL       _Delay_1us
;__Lib_Lcd.c,126 :: 		
0x02FC	0x1106      	BCF        LCD_EN, BitPos(LCD_EN+0)
;__Lib_Lcd.c,127 :: 		
0x02FD	0x2009      	CALL       _Delay_5500us
;__Lib_Lcd.c,130 :: 		
0x02FE	0x1506      	BSF        LCD_EN, BitPos(LCD_EN+0)
;__Lib_Lcd.c,131 :: 		
0x02FF	0x2003      	CALL       _Delay_1us
;__Lib_Lcd.c,132 :: 		
0x0300	0x1106      	BCF        LCD_EN, BitPos(LCD_EN+0)
;__Lib_Lcd.c,134 :: 		
0x0301	0x1286      	BCF        LCD_D5, BitPos(LCD_D5+0)
;__Lib_Lcd.c,135 :: 		
0x0302	0x1786      	BSF        LCD_D7, BitPos(LCD_D7+0)
;__Lib_Lcd.c,136 :: 		
0x0303	0x1506      	BSF        LCD_EN, BitPos(LCD_EN+0)
;__Lib_Lcd.c,137 :: 		
0x0304	0x2003      	CALL       _Delay_1us
;__Lib_Lcd.c,138 :: 		
0x0305	0x1106      	BCF        LCD_EN, BitPos(LCD_EN+0)
;__Lib_Lcd.c,139 :: 		
0x0306	0x2009      	CALL       _Delay_5500us
;__Lib_Lcd.c,142 :: 		
0x0307	0x1386      	BCF        LCD_D7, BitPos(LCD_D7+0)
;__Lib_Lcd.c,143 :: 		
0x0308	0x1606      	BSF        LCD_D4, BitPos(LCD_D4+0)
;__Lib_Lcd.c,144 :: 		
0x0309	0x1506      	BSF        LCD_EN, BitPos(LCD_EN+0)
;__Lib_Lcd.c,145 :: 		
0x030A	0x2003      	CALL       _Delay_1us
;__Lib_Lcd.c,146 :: 		
0x030B	0x1106      	BCF        LCD_EN, BitPos(LCD_EN+0)
;__Lib_Lcd.c,148 :: 		
0x030C	0x1206      	BCF        LCD_D4, BitPos(LCD_D4+0)
;__Lib_Lcd.c,149 :: 		
0x030D	0x1506      	BSF        LCD_EN, BitPos(LCD_EN+0)
;__Lib_Lcd.c,150 :: 		
0x030E	0x2003      	CALL       _Delay_1us
;__Lib_Lcd.c,151 :: 		
0x030F	0x1106      	BCF        LCD_EN, BitPos(LCD_EN+0)
;__Lib_Lcd.c,152 :: 		
0x0310	0x2009      	CALL       _Delay_5500us
;__Lib_Lcd.c,155 :: 		
0x0311	0x1506      	BSF        LCD_EN, BitPos(LCD_EN+0)
;__Lib_Lcd.c,156 :: 		
0x0312	0x2003      	CALL       _Delay_1us
;__Lib_Lcd.c,157 :: 		
0x0313	0x1106      	BCF        LCD_EN, BitPos(LCD_EN+0)
;__Lib_Lcd.c,159 :: 		
0x0314	0x1606      	BSF        LCD_D4, BitPos(LCD_D4+0)
;__Lib_Lcd.c,160 :: 		
0x0315	0x1506      	BSF        LCD_EN, BitPos(LCD_EN+0)
;__Lib_Lcd.c,161 :: 		
0x0316	0x2003      	CALL       _Delay_1us
;__Lib_Lcd.c,162 :: 		
0x0317	0x1106      	BCF        LCD_EN, BitPos(LCD_EN+0)
;__Lib_Lcd.c,163 :: 		
0x0318	0x2009      	CALL       _Delay_5500us
;__Lib_Lcd.c,166 :: 		
0x0319	0x1206      	BCF        LCD_D4, BitPos(LCD_D4+0)
;__Lib_Lcd.c,167 :: 		
0x031A	0x1506      	BSF        LCD_EN, BitPos(LCD_EN+0)
;__Lib_Lcd.c,168 :: 		
0x031B	0x2003      	CALL       _Delay_1us
;__Lib_Lcd.c,169 :: 		
0x031C	0x1106      	BCF        LCD_EN, BitPos(LCD_EN+0)
;__Lib_Lcd.c,171 :: 		
0x031D	0x1786      	BSF        LCD_D7, BitPos(LCD_D7+0)
;__Lib_Lcd.c,172 :: 		
0x031E	0x1706      	BSF        LCD_D6, BitPos(LCD_D6+0)
;__Lib_Lcd.c,173 :: 		
0x031F	0x1686      	BSF        LCD_D5, BitPos(LCD_D5+0)
;__Lib_Lcd.c,174 :: 		
0x0320	0x1606      	BSF        LCD_D4, BitPos(LCD_D4+0)
;__Lib_Lcd.c,175 :: 		
0x0321	0x1506      	BSF        LCD_EN, BitPos(LCD_EN+0)
;__Lib_Lcd.c,176 :: 		
0x0322	0x2003      	CALL       _Delay_1us
;__Lib_Lcd.c,177 :: 		
0x0323	0x1106      	BCF        LCD_EN, BitPos(LCD_EN+0)
;__Lib_Lcd.c,179 :: 		
0x0324	0x2009      	CALL       _Delay_5500us
;__Lib_Lcd.c,181 :: 		
0x0325	0x144E      	BSF        __Lib_Lcd_cmd_status, BitPos(__Lib_Lcd_cmd_status+0)
;__Lib_Lcd.c,182 :: 		
L_end_Lcd_Init:
0x0326	0x0008      	RETURN
; end of _Lcd_Init
_main:
0x0327	0x2426      	CALL       1062
;energy_meter_rx_modified.c,80 :: 		void main() {
;energy_meter_rx_modified.c,81 :: 		ADCON1=0b00000110;
0x0328	0x3006      	MOVLW      6
0x0329	0x1683      	BSF        STATUS, 5
0x032A	0x1303      	BCF        STATUS, 6
0x032B	0x009F      	MOVWF      ADCON1
;energy_meter_rx_modified.c,85 :: 		UART1_Init(9600);               // Initialize UART module at 9600 bps
0x032C	0x3081      	MOVLW      129
0x032D	0x0099      	MOVWF      SPBRG
0x032E	0x1518      	BSF        TXSTA, 2
0x032F	0x22BD      	CALL       _UART1_Init
;energy_meter_rx_modified.c,86 :: 		Delay_ms(100);                  // Wait for UART module to stabilize
0x0330	0x3003      	MOVLW      3
0x0331	0x00FB      	MOVWF      R11
0x0332	0x308A      	MOVLW      138
0x0333	0x00FC      	MOVWF      R12
0x0334	0x3055      	MOVLW      85
0x0335	0x00FD      	MOVWF      R13
L_main7:
0x0336	0x0BFD      	DECFSZ     R13, 1
0x0337	0x2B36      	GOTO       L_main7
0x0338	0x0BFC      	DECFSZ     R12, 1
0x0339	0x2B36      	GOTO       L_main7
0x033A	0x0BFB      	DECFSZ     R11, 1
0x033B	0x2B36      	GOTO       L_main7
0x033C	0x0000      	NOP
0x033D	0x0000      	NOP
;energy_meter_rx_modified.c,87 :: 		Lcd_Init();                        // Initialize LCD
0x033E	0x22D9      	CALL       _Lcd_Init
;energy_meter_rx_modified.c,88 :: 		Lcd_Cmd(_LCD_CLEAR);               // Clear display
0x033F	0x3001      	MOVLW      1
0x0340	0x00E0      	MOVWF      FARG_Lcd_Cmd_out_char
0x0341	0x201D      	CALL       _Lcd_Cmd
;energy_meter_rx_modified.c,89 :: 		Lcd_Cmd(_LCD_CURSOR_OFF);          // Cursor off
0x0342	0x300C      	MOVLW      12
0x0343	0x00E0      	MOVWF      FARG_Lcd_Cmd_out_char
0x0344	0x201D      	CALL       _Lcd_Cmd
;energy_meter_rx_modified.c,90 :: 		Lcd_Out(1,1,txt1);                 // Write text in first row
0x0345	0x3001      	MOVLW      1
0x0346	0x00D9      	MOVWF      FARG_Lcd_Out_row
0x0347	0x3001      	MOVLW      1
0x0348	0x00DA      	MOVWF      FARG_Lcd_Out_column
0x0349	0x3039      	MOVLW      _txt1
0x034A	0x00DB      	MOVWF      FARG_Lcd_Out_text
0x034B	0x2187      	CALL       _Lcd_Out
;energy_meter_rx_modified.c,91 :: 		UART1_Write_Text(txt1);
0x034C	0x3039      	MOVLW      _txt1
0x034D	0x00DD      	MOVWF      FARG_UART1_Write_Text_uart_text
0x034E	0x2067      	CALL       _UART1_Write_Text
;energy_meter_rx_modified.c,92 :: 		UART1_Write(42);
0x034F	0x302A      	MOVLW      42
0x0350	0x00E0      	MOVWF      FARG_UART1_Write_data_
0x0351	0x205D      	CALL       _UART1_Write
;energy_meter_rx_modified.c,94 :: 		delay_ms(2000);
0x0352	0x3033      	MOVLW      51
0x0353	0x00FB      	MOVWF      R11
0x0354	0x30BB      	MOVLW      187
0x0355	0x00FC      	MOVWF      R12
0x0356	0x30DF      	MOVLW      223
0x0357	0x00FD      	MOVWF      R13
L_main8:
0x0358	0x0BFD      	DECFSZ     R13, 1
0x0359	0x2B58      	GOTO       L_main8
0x035A	0x0BFC      	DECFSZ     R12, 1
0x035B	0x2B58      	GOTO       L_main8
0x035C	0x0BFB      	DECFSZ     R11, 1
0x035D	0x2B58      	GOTO       L_main8
0x035E	0x0000      	NOP
0x035F	0x0000      	NOP
;energy_meter_rx_modified.c,95 :: 		Lcd_Cmd(_LCD_CLEAR);
0x0360	0x3001      	MOVLW      1
0x0361	0x00E0      	MOVWF      FARG_Lcd_Cmd_out_char
0x0362	0x201D      	CALL       _Lcd_Cmd
;energy_meter_rx_modified.c,100 :: 		trisc=0b00001111;
0x0363	0x300F      	MOVLW      15
0x0364	0x1683      	BSF        STATUS, 5
0x0365	0x0087      	MOVWF      TRISC
;energy_meter_rx_modified.c,101 :: 		portc=0b00000000;
0x0366	0x1283      	BCF        STATUS, 5
0x0367	0x0187      	CLRF       PORTC
;energy_meter_rx_modified.c,102 :: 		count=0;
0x0368	0x01D3      	CLRF       _count
0x0369	0x01D4      	CLRF       _count+1
;energy_meter_rx_modified.c,104 :: 		while(1)
L_main9:
;energy_meter_rx_modified.c,106 :: 		cvalue=portc<<4;
0x036A	0x3004      	MOVLW      4
0x036B	0x00F0      	MOVWF      R0
0x036C	0x0807      	MOVF       PORTC, 0
0x036D	0x00F1      	MOVWF      R1
0x036E	0x01F2      	CLRF       R1+1
0x036F	0x0870      	MOVF       R0, 0
L__main28:
0x0370	0x1903      	BTFSC      STATUS, 2
0x0371	0x2B77      	GOTO       L__main29
0x0372	0x0DF1      	RLF        R1, 1
0x0373	0x0DF2      	RLF        R1+1, 1
0x0374	0x1071      	BCF        R1, 0
0x0375	0x3EFF      	ADDLW      255
0x0376	0x2B70      	GOTO       L__main28
L__main29:
0x0377	0x0871      	MOVF       R1, 0
0x0378	0x00CA      	MOVWF      _cvalue
0x0379	0x0872      	MOVF       R1+1, 0
0x037A	0x00CB      	MOVWF      _cvalue+1
;energy_meter_rx_modified.c,107 :: 		if(cvalue==15&&count==0)
0x037B	0x3000      	MOVLW      0
0x037C	0x0672      	XORWF      R1+1, 0
0x037D	0x1D03      	BTFSS      STATUS, 2
0x037E	0x2B81      	GOTO       L__main30
0x037F	0x300F      	MOVLW      15
0x0380	0x0671      	XORWF      R1, 0
L__main30:
0x0381	0x1D03      	BTFSS      STATUS, 2
0x0382	0x2B8F      	GOTO       L_main13
0x0383	0x3000      	MOVLW      0
0x0384	0x0654      	XORWF      _count+1, 0
0x0385	0x1D03      	BTFSS      STATUS, 2
0x0386	0x2B89      	GOTO       L__main31
0x0387	0x3000      	MOVLW      0
0x0388	0x0653      	XORWF      _count, 0
L__main31:
0x0389	0x1D03      	BTFSS      STATUS, 2
0x038A	0x2B8F      	GOTO       L_main13
L__main20:
;energy_meter_rx_modified.c,108 :: 		flag1=1;
0x038B	0x3001      	MOVLW      1
0x038C	0x00C8      	MOVWF      _flag1
0x038D	0x3000      	MOVLW      0
0x038E	0x00C9      	MOVWF      _flag1+1
L_main13:
;energy_meter_rx_modified.c,109 :: 		if(cvalue==1 && flag1==1)
0x038F	0x3000      	MOVLW      0
0x0390	0x064B      	XORWF      _cvalue+1, 0
0x0391	0x1D03      	BTFSS      STATUS, 2
0x0392	0x2B95      	GOTO       L__main32
0x0393	0x3001      	MOVLW      1
0x0394	0x064A      	XORWF      _cvalue, 0
L__main32:
0x0395	0x1D03      	BTFSS      STATUS, 2
0x0396	0x2BD7      	GOTO       L_main16
0x0397	0x3000      	MOVLW      0
0x0398	0x0649      	XORWF      _flag1+1, 0
0x0399	0x1D03      	BTFSS      STATUS, 2
0x039A	0x2B9D      	GOTO       L__main33
0x039B	0x3001      	MOVLW      1
0x039C	0x0648      	XORWF      _flag1, 0
L__main33:
0x039D	0x1D03      	BTFSS      STATUS, 2
0x039E	0x2BD7      	GOTO       L_main16
L__main19:
;energy_meter_rx_modified.c,110 :: 		{count=count+1;
0x039F	0x0AD3      	INCF       _count, 1
0x03A0	0x1903      	BTFSC      STATUS, 2
0x03A1	0x0AD4      	INCF       _count+1, 1
;energy_meter_rx_modified.c,111 :: 		unit=unit_uses(count,cvalue);
0x03A2	0x0853      	MOVF       _count, 0
0x03A3	0x00D5      	MOVWF      FARG_unit_uses_count
0x03A4	0x0854      	MOVF       _count+1, 0
0x03A5	0x00D6      	MOVWF      FARG_unit_uses_count+1
0x03A6	0x084A      	MOVF       _cvalue, 0
0x03A7	0x00D7      	MOVWF      FARG_unit_uses_cvalue
0x03A8	0x084B      	MOVF       _cvalue+1, 0
0x03A9	0x00D8      	MOVWF      FARG_unit_uses_cvalue+1
0x03AA	0x22AB      	CALL       _unit_uses
0x03AB	0x0870      	MOVF       R0, 0
0x03AC	0x00CC      	MOVWF      _unit
0x03AD	0x0871      	MOVF       R0+1, 0
0x03AE	0x00CD      	MOVWF      _unit+1
;energy_meter_rx_modified.c,112 :: 		bill = user_bill(unit);
0x03AF	0x0870      	MOVF       R0, 0
0x03B0	0x00D5      	MOVWF      FARG_user_bill_unit
0x03B1	0x0871      	MOVF       R0+1, 0
0x03B2	0x00D6      	MOVWF      FARG_user_bill_unit+1
0x03B3	0x22A1      	CALL       _user_bill
0x03B4	0x0870      	MOVF       R0, 0
0x03B5	0x00CF      	MOVWF      _bill
0x03B6	0x0871      	MOVF       R0+1, 0
0x03B7	0x00D0      	MOVWF      _bill+1
;energy_meter_rx_modified.c,113 :: 		show_bill(bill,unit);
0x03B8	0x0870      	MOVF       R0, 0
0x03B9	0x00D5      	MOVWF      FARG_show_bill_bill
0x03BA	0x0871      	MOVF       R0+1, 0
0x03BB	0x00D6      	MOVWF      FARG_show_bill_bill+1
0x03BC	0x084C      	MOVF       _unit, 0
0x03BD	0x00D7      	MOVWF      FARG_show_bill_unit
0x03BE	0x084D      	MOVF       _unit+1, 0
0x03BF	0x00D8      	MOVWF      FARG_show_bill_unit+1
0x03C0	0x21C7      	CALL       _show_bill
;energy_meter_rx_modified.c,114 :: 		while(portc<<4==1); }
L_main17:
0x03C1	0x3004      	MOVLW      4
0x03C2	0x00F0      	MOVWF      R0
0x03C3	0x0807      	MOVF       PORTC, 0
0x03C4	0x00F1      	MOVWF      R1
0x03C5	0x01F2      	CLRF       R1+1
0x03C6	0x0870      	MOVF       R0, 0
L__main34:
0x03C7	0x1903      	BTFSC      STATUS, 2
0x03C8	0x2BCE      	GOTO       L__main35
0x03C9	0x0DF1      	RLF        R1, 1
0x03CA	0x0DF2      	RLF        R1+1, 1
0x03CB	0x1071      	BCF        R1, 0
0x03CC	0x3EFF      	ADDLW      255
0x03CD	0x2BC7      	GOTO       L__main34
L__main35:
0x03CE	0x3000      	MOVLW      0
0x03CF	0x0672      	XORWF      R1+1, 0
0x03D0	0x1D03      	BTFSS      STATUS, 2
0x03D1	0x2BD4      	GOTO       L__main36
0x03D2	0x3001      	MOVLW      1
0x03D3	0x0671      	XORWF      R1, 0
L__main36:
0x03D4	0x1D03      	BTFSS      STATUS, 2
0x03D5	0x2BD7      	GOTO       L_main18
0x03D6	0x2BC1      	GOTO       L_main17
L_main18:
L_main16:
;energy_meter_rx_modified.c,117 :: 		cvalue=portc;
0x03D7	0x0807      	MOVF       PORTC, 0
0x03D8	0x00CA      	MOVWF      _cvalue
0x03D9	0x01CB      	CLRF       _cvalue+1
;energy_meter_rx_modified.c,118 :: 		unit=unit_uses(count,cvalue)   ;
0x03DA	0x0853      	MOVF       _count, 0
0x03DB	0x00D5      	MOVWF      FARG_unit_uses_count
0x03DC	0x0854      	MOVF       _count+1, 0
0x03DD	0x00D6      	MOVWF      FARG_unit_uses_count+1
0x03DE	0x084A      	MOVF       _cvalue, 0
0x03DF	0x00D7      	MOVWF      FARG_unit_uses_cvalue
0x03E0	0x084B      	MOVF       _cvalue+1, 0
0x03E1	0x00D8      	MOVWF      FARG_unit_uses_cvalue+1
0x03E2	0x22AB      	CALL       _unit_uses
0x03E3	0x0870      	MOVF       R0, 0
0x03E4	0x00CC      	MOVWF      _unit
0x03E5	0x0871      	MOVF       R0+1, 0
0x03E6	0x00CD      	MOVWF      _unit+1
;energy_meter_rx_modified.c,119 :: 		bill = user_bill(unit);
0x03E7	0x0870      	MOVF       R0, 0
0x03E8	0x00D5      	MOVWF      FARG_user_bill_unit
0x03E9	0x0871      	MOVF       R0+1, 0
0x03EA	0x00D6      	MOVWF      FARG_user_bill_unit+1
0x03EB	0x22A1      	CALL       _user_bill
0x03EC	0x0870      	MOVF       R0, 0
0x03ED	0x00CF      	MOVWF      _bill
0x03EE	0x0871      	MOVF       R0+1, 0
0x03EF	0x00D0      	MOVWF      _bill+1
;energy_meter_rx_modified.c,120 :: 		show_bill(bill,unit);
0x03F0	0x0870      	MOVF       R0, 0
0x03F1	0x00D5      	MOVWF      FARG_show_bill_bill
0x03F2	0x0871      	MOVF       R0+1, 0
0x03F3	0x00D6      	MOVWF      FARG_show_bill_bill+1
0x03F4	0x084C      	MOVF       _unit, 0
0x03F5	0x00D7      	MOVWF      FARG_show_bill_unit
0x03F6	0x084D      	MOVF       _unit+1, 0
0x03F7	0x00D8      	MOVWF      FARG_show_bill_unit+1
0x03F8	0x21C7      	CALL       _show_bill
;energy_meter_rx_modified.c,124 :: 		}
0x03F9	0x2B6A      	GOTO       L_main9
;energy_meter_rx_modified.c,125 :: 		}
L_end_main:
0x03FA	0x2BFA      	GOTO       $+0
; end of _main
0x0426	0x3020      	MOVLW      32
0x0427	0x0084      	MOVWF      FSR
0x0428	0x3026      	MOVLW      38
0x0429	0x1283      	BCF        STATUS, 5
0x042A	0x1303      	BCF        STATUS, 6
0x042B	0x00F0      	MOVWF      R0
0x042C	0x3000      	MOVLW      0
0x042D	0x00C6      	MOVWF      ___DoICPAddr
0x042E	0x3004      	MOVLW      4
0x042F	0x00C7      	MOVWF      71
0x0430	0x22CD      	CALL       717
0x0431	0x0008      	RETURN
;energy_meter_rx_modified.c,0 :: ?ICS_txt2
0x0400	0x3455 ;?ICS_txt2+0
0x0401	0x346E ;?ICS_txt2+1
0x0402	0x3469 ;?ICS_txt2+2
0x0403	0x3474 ;?ICS_txt2+3
0x0404	0x3473 ;?ICS_txt2+4
0x0405	0x343D ;?ICS_txt2+5
0x0406	0x3430 ;?ICS_txt2+6
0x0407	0x3430 ;?ICS_txt2+7
0x0408	0x3430 ;?ICS_txt2+8
0x0409	0x3430 ;?ICS_txt2+9
0x040A	0x3430 ;?ICS_txt2+10
0x040B	0x3400 ;?ICS_txt2+11
; end of ?ICS_txt2
;energy_meter_rx_modified.c,0 :: ?ICS_txt3
0x040C	0x3442 ;?ICS_txt3+0
0x040D	0x3469 ;?ICS_txt3+1
0x040E	0x346C ;?ICS_txt3+2
0x040F	0x346C ;?ICS_txt3+3
0x0410	0x343D ;?ICS_txt3+4
0x0411	0x3430 ;?ICS_txt3+5
0x0412	0x3430 ;?ICS_txt3+6
0x0413	0x3430 ;?ICS_txt3+7
0x0414	0x3430 ;?ICS_txt3+8
0x0415	0x3430 ;?ICS_txt3+9
0x0416	0x3400 ;?ICS_txt3+10
; end of ?ICS_txt3
;energy_meter_rx_modified.c,0 :: ?ICS?lstr1_energy_meter_rx_modified
0x0417	0x340A ;?ICS?lstr1_energy_meter_rx_modified+0
0x0418	0x3400 ;?ICS?lstr1_energy_meter_rx_modified+1
; end of ?ICS?lstr1_energy_meter_rx_modified
;energy_meter_rx_modified.c,0 :: ?ICS_txt1
0x0419	0x3445 ;?ICS_txt1+0
0x041A	0x346E ;?ICS_txt1+1
0x041B	0x3465 ;?ICS_txt1+2
0x041C	0x3472 ;?ICS_txt1+3
0x041D	0x3467 ;?ICS_txt1+4
0x041E	0x3479 ;?ICS_txt1+5
0x041F	0x3420 ;?ICS_txt1+6
0x0420	0x344D ;?ICS_txt1+7
0x0421	0x3465 ;?ICS_txt1+8
0x0422	0x3474 ;?ICS_txt1+9
0x0423	0x3465 ;?ICS_txt1+10
0x0424	0x3472 ;?ICS_txt1+11
0x0425	0x3400 ;?ICS_txt1+12
; end of ?ICS_txt1
Symbol List:
//** Routines locations **
//ADDRESS    SIZE    PROCEDURE
//----------------------------------------------
0x0003       [6]    _Delay_1us
0x0009      [13]    _Delay_5500us
0x0016       [7]    _Delay_50us
0x001D      [64]    _Lcd_Cmd
0x005D      [10]    _UART1_Write
0x0067      [22]    _UART1_Write_Text
0x007D      [44]    _Div_16x16_S_L
0x00A9       [8]    _Lcd_Chr_CP
0x00B1      [43]    _Mul_16x16_U
0x00DC     [105]    _Div_16x16_S
0x0145       [7]    _____DoICP
0x014C      [59]    _uart_write
0x0187      [64]    _Lcd_Out
0x01C7     [218]    _show_bill
0x02A1      [10]    _user_bill
0x02AB      [18]    _unit_uses
0x02BD      [16]    _UART1_Init
0x02CD      [12]    ___CC2DW
0x02D9      [78]    _Lcd_Init
0x0327     [211]    _main
//** Variables locations ** 
//ADDRESS    SIZE    VARIABLE
//----------------------------------------------
0x0000       [1]    INDF
0x0002       [1]    PCL
0x0003       [1]    STATUS
0x0004       [1]    FSR
0x0006       [0]    RB7_bit
0x0006       [0]    RB6_bit
0x0006       [0]    LCD_D4
0x0006       [0]    LCD_RS
0x0006       [0]    LCD_EN
0x0006       [0]    LCD_D5
0x0006       [0]    LCD_D7
0x0006       [0]    RB4_bit
0x0006       [0]    RB5_bit
0x0006       [0]    RB2_bit
0x0006       [0]    LCD_D6
0x0006       [0]    RB3_bit
0x0007       [1]    PORTC
0x000A       [1]    PCLATH
0x000C       [1]    PIR1
0x0018       [1]    RCSTA
0x0019       [1]    TXREG
0x001A       [1]    RCREG
0x0020      [12]    _txt2
0x002C      [11]    _txt3
0x0037       [2]    ?lstr1_energy_meter_rx_modified
0x0039      [13]    _txt1
0x0046       [2]    ___DoICPAddr
0x0048       [2]    _flag1
0x004A       [2]    _cvalue
0x004C       [2]    _unit
0x004E       [0]    __Lib_Lcd_cmd_status
0x004F       [2]    _bill
0x0051       [2]    _i
0x0053       [2]    _count
0x0055       [2]    FARG_user_bill_unit
0x0055       [2]    FARG_show_bill_bill
0x0055       [2]    FARG_unit_uses_count
0x0057       [2]    FARG_show_bill_unit
0x0057       [2]    FARG_unit_uses_cvalue
0x0059       [1]    FARG_Lcd_Out_row
0x005A       [1]    FARG_Lcd_Out_column
0x005B       [1]    FARG_Lcd_Out_text
0x005C       [1]    Lcd_Out_i_L0
0x005D       [1]    FARG_UART1_Write_Text_uart_text
0x005D       [1]    FARG_Lcd_Chr_CP_out_char
0x005E       [1]    UART1_Write_Text_data__L0
0x005F       [1]    UART1_Write_Text_counter_L0
0x0060       [1]    FARG_Lcd_Cmd_out_char
0x0060       [1]    FARG_UART1_Write_data_
0x0070       [1]    R0
0x0071       [1]    R1
0x0072       [1]    R2
0x0073       [1]    R3
0x0074       [1]    R4
0x0075       [1]    R5
0x0076       [1]    R6
0x0077       [1]    R7
0x0078       [1]    R8
0x0079       [1]    R9
0x007A       [1]    R10
0x007B       [1]    R11
0x007C       [1]    R12
0x007D       [1]    R13
0x007E       [1]    R14
0x007F       [1]    R15
0x0086       [0]    LCD_EN_Direction
0x0086       [0]    LCD_RS_Direction
0x0086       [0]    TRISB7_bit
0x0086       [0]    TRISB6_bit
0x0086       [0]    LCD_D6_Direction
0x0086       [0]    TRISB2_bit
0x0086       [0]    LCD_D7_Direction
0x0086       [0]    LCD_D5_Direction
0x0086       [0]    TRISB5_bit
0x0086       [0]    LCD_D4_Direction
0x0086       [0]    TRISB4_bit
0x0086       [0]    TRISB3_bit
0x0087       [1]    TRISC
0x0087       [0]    TRISC7_bit
0x0087       [0]    TRISC6_bit
0x0098       [1]    TXSTA
0x0099       [1]    SPBRG
0x009F       [1]    ADCON1
//** Constants locations ** 
//ADDRESS    SIZE    CONSTANT
//----------------------------------------------
0x0400      [12]    ?ICS_txt2
0x040C      [11]    ?ICS_txt3
0x0417       [2]    ?ICS?lstr1_energy_meter_rx_modified
0x0419      [13]    ?ICS_txt1
//** Label List: ** 
//----------------------------------------------
  L_uart_write0
  L_uart_write1
  L_uart_write2
  L_uart_write3
  L_uart_write4
  L_uart_write5
  L_show_bill6
  L_main7
  L_main8
  L_main9
  L_main10
  L_main11
  L_main12
  L_main13
  L_main14
  L_main15
  L_main16
  L_main17
  L_main18
  L__main19
  L__main20
  L_end_uart_write
  _uart_write
  L__uart_write22
  L__uart_write23
  L_end_unit_uses
  _unit_uses
  L_end_user_bill
  _user_bill
  L_end_show_bill
  _show_bill
  L_end_main
  _main
  L__main28
  L__main29
  L__main30
  L__main31
  L__main32
  L__main33
  L__main34
  L__main35
  L__main36
  L_Delay_10us0
  L_Delay_22us1
  L_Delay_50us2
  L_Delay_80us3
  L_Delay_500us4
  L_Delay_5500us5
  L_Delay_1ms6
  L_Delay_5ms7
  L_Delay_8ms8
  L_Delay_10ms9
  L_Delay_100ms10
  L_Delay_1sec11
  L_boot16_Delay_5ms12
  L_Delay_Cyc13
  L_Delay_Cyc14
  L_VDelay_ms15
  L_VDelay_ms16
  L_VDelay_ms17
  L_VDelay_Advanced_ms18
  L_VDelay_Advanced_ms19
  L_VDelay_Advanced_ms20
  L_end_Get_Fosc_kHz
  _Get_Fosc_kHz
  L_end_Delay_1us
  _Delay_1us
  L_end_Delay_10us
  _Delay_10us
  L_end_Delay_22us
  _Delay_22us
  L_end_Delay_50us
  _Delay_50us
  L_end_Delay_80us
  _Delay_80us
  L_end_Delay_500us
  _Delay_500us
  L_end_Delay_5500us
  _Delay_5500us
  L_end_Delay_1ms
  _Delay_1ms
  L_end_Delay_5ms
  _Delay_5ms
  L_end_Delay_8ms
  _Delay_8ms
  L_end_Delay_10ms
  _Delay_10ms
  L_end_Delay_100ms
  _Delay_100ms
  L_end_Delay_1sec
  _Delay_1sec
  L_end_boot16_Delay_5ms
  _boot16_Delay_5ms
  L_end_Delay_Cyc
  _Delay_Cyc
  L_end_VDelay_ms
  _VDelay_ms
  L__VDelay_ms38
  L__VDelay_ms39
  L__VDelay_ms40
  L_end_VDelay_Advanced_ms
  _VDelay_Advanced_ms
  L__VDelay_Advanced_ms42
  L__VDelay_Advanced_ms43
  L__VDelay_Advanced_ms44
  L_Lcd_Cmd0
  L_Lcd_Cmd1
  L_Lcd_Out_CP2
  L_Lcd_Out_CP3
  L_Lcd_Chr4
  L_Lcd_Chr5
  L_Lcd_Chr6
  L_Lcd_Chr7
  L_Lcd_Chr8
  L_Lcd_Chr9
  L_Lcd_Chr10
  L_Lcd_Out11
  L_Lcd_Out12
  L_Lcd_Out13
  L_Lcd_Out14
  L_Lcd_Out15
  L_Lcd_Out16
  L_Lcd_Out17
  L_Lcd_Out18
  L_Lcd_Out19
  L_end_Lcd_Cmd
  _Lcd_Cmd
  L__Lcd_Cmd21
  L__Lcd_Cmd22
  L__Lcd_Cmd23
  L__Lcd_Cmd24
  L__Lcd_Cmd25
  L__Lcd_Cmd26
  L__Lcd_Cmd27
  L__Lcd_Cmd28
  L__Lcd_Cmd29
  L__Lcd_Cmd30
  L__Lcd_Cmd31
  L__Lcd_Cmd32
  L__Lcd_Cmd33
  L__Lcd_Cmd34
  L__Lcd_Cmd35
  L__Lcd_Cmd36
  L__Lcd_Cmd37
  L__Lcd_Cmd38
  L__Lcd_Cmd39
  L__Lcd_Cmd40
  L_end_Lcd_Chr_CP
  _Lcd_Chr_CP
  L_end_Lcd_Out_CP
  _Lcd_Out_CP
  L_end_Lcd_Chr
  _Lcd_Chr
  L_end_Lcd_Init
  _Lcd_Init
  L_end_Lcd_Out
  _Lcd_Out
  L_Div_16x16_S0
  L_Div_16x16_S1
  LOOPS3232A
  SADD22LA
  SOK22LA
  SADD22L8
  SOK22L8
  LOOPS3232B
  SADD22LB
  SOK22LB
  SADD22L16
  SOK22L16
  LOOPS3232C
  SADD22LC
  SOK22LC
  SADD22L24
  SOK22L24
  LOOPS3232D
  SADD22LD
  SOK22LD
  SOK22L
  L_Div_32x32_S6
  L_Div_32x32_S7
  L_Div_32x32_S8
  L_Div_32x32_S9
  FXD3232S
  END_ALL
  CA3232S
  C3232SX
  C3232SX1
  C3232S
  C3232S2
  C3232SX4
  C3232SOK
  C3232SX3
  C3232SX2
  avoid_comfrem
  LOOPU3232A
  UADD22LA
  UOK22LA
  UADD22L8
  UOK22L8
  LOOPU3232B
  UADD22LB
  UOK22LB
  UADD22L16
  UOK22L16
  LOOPU3232C
  UADD22LC
  UOK22LC
  UADD22L24
  UOK22L24
  LOOPU3232D
  UADD22LD
  UOK22LD
  UOK22L
  _NEXT
  _EXIT2
  _LOOP
  _EXIT1
  _IF_FIRST
  _IF_SECOND
  _INVERCE_FIRST
  _MULT
  _INBERSE_SECOND
  _EXIT
  L_end_Mul_8x8_U
  _Mul_8x8_U
  L_end_Mul_16x16_U
  _Mul_16x16_U
  L_end_Div_8x8_U
  _Div_8x8_U
  L_end_Div_16x16_U
  _Div_16x16_U
  L_end_Mul_8x8_S
  _Mul_8x8_S
  L_end_Mul_16x16_S
  _Mul_16x16_S
  L_end_Div_16x16_S_L
  _Div_16x16_S_L
  L_end_Div_16x16_S
  _Div_16x16_S
  L_end_Div_8x8_S
  _Div_8x8_S
  L_end_SDIV3232L
  _SDIV3232L
  L_end_COMFREM
  _COMFREM
  L_end_Div_32x32_S
  _Div_32x32_S
  L_end_Div_32x32_U
  _Div_32x32_U
  L_end_Mul_32x32_U
  _Mul_32x32_U
  L_end_Mul_32x32_S
  _Mul_32x32_S
  L_loopCA2AWs
  L_CA2AWend
  _CCA2AW_Loop1
  L_loopCS2Ss
  L_CS2Send
  _CCS2S_Loop1
  L_CCS2Send
  L_loopFZinSWs
  L_FZinSend
  _CC2D_Loop1
  L_end_____DoICP
  _____DoICP
  L_end_____DoIFC
  _____DoIFC
  L_end___CA2AW
  ___CA2AW
  L_end___CCA2AW
  ___CCA2AW
  L_end___CS2S
  ___CS2S
  L_end___CCS2S
  ___CCS2S
  L_end___FZinS
  ___FZinS
  L_end___CC2DW
  ___CC2DW
  L_end_Swap
  _Swap
  L_UART1_Init0
  L_UART1_Init1
  L_UART1_Read2
  L_UART1_Write3
  L_UART1_Write4
  L_UART1_Write_Text5
  L_UART1_Write_Text6
  L_UART1_Read_Text7
  L_UART1_Read_Text8
  L_UART1_Read_Text9
  L_UART1_Read_Text10
  L_UART1_Read_Text11
  L_UART1_Read_Text12
  L_UART1_Read_Text13
  L_UART1_Read_Text14
  L_UART1_Read_Text15
  L_end_UART1_Init
  _UART1_Init
  L_end_UART1_Data_Ready
  _UART1_Data_Ready
  L_end_UART1_Read
  _UART1_Read
  L_end_UART1_Tx_Idle
  _UART1_Tx_Idle
  L_end_UART1_Write
  _UART1_Write
  L_end_UART1_Write_Text
  _UART1_Write_Text
  L_end_UART1_Read_Text
  _UART1_Read_Text
