;  LST file generated by mikroListExporter - v.2.0 
; Date/Time: 8/31/2013 5:07:20 AM
;----------------------------------------------

;Address Opcode 	ASM
0x0000	0x2847      	GOTO       71
_UART1_Write:
;__Lib_UART_c67.c,39 :: 		
;__Lib_UART_c67.c,40 :: 		
L_UART1_Write3:
0x0003	0x1683      	BSF        STATUS, 5
0x0004	0x1303      	BCF        STATUS, 6
0x0005	0x1898      	BTFSC      TXSTA, 1
0x0006	0x2809      	GOTO       L_UART1_Write4
;__Lib_UART_c67.c,41 :: 		
0x0007	0x0000      	NOP
0x0008	0x2803      	GOTO       L_UART1_Write3
L_UART1_Write4:
;__Lib_UART_c67.c,42 :: 		
0x0009	0x0839      	MOVF       FARG_UART1_Write_data_, 0
0x000A	0x1283      	BCF        STATUS, 5
0x000B	0x0099      	MOVWF      TXREG
;__Lib_UART_c67.c,43 :: 		
L_end_UART1_Write:
0x000C	0x0008      	RETURN
; end of _UART1_Write
_____DoICP:
;__Lib_System.c,6 :: 		
;__Lib_System.c,9 :: 		
0x000D	0x1683      	BSF        STATUS, 5
0x000E	0x1303      	BCF        STATUS, 6
0x000F	0x0835      	MOVF       ___DoICPAddr+1, 0
0x0010	0x008A      	MOVWF      PCLATH
;__Lib_System.c,10 :: 		
0x0011	0x0834      	MOVF       ___DoICPAddr, 0
0x0012	0x0082      	MOVWF      PCL
;__Lib_System.c,12 :: 		
L_end_____DoICP:
0x0013	0x0008      	RETURN
; end of _____DoICP
_UART1_Write_Text:
;__Lib_UART_c67.c,47 :: 		
;__Lib_UART_c67.c,48 :: 		
0x0014	0x1683      	BSF        STATUS, 5
0x0015	0x1303      	BCF        STATUS, 6
0x0016	0x01B8      	CLRF       UART1_Write_Text_counter_L0
;__Lib_UART_c67.c,50 :: 		
0x0017	0x0836      	MOVF       FARG_UART1_Write_Text_uart_text, 0
0x0018	0x0084      	MOVWF      FSR
0x0019	0x0800      	MOVF       INDF, 0
0x001A	0x00B7      	MOVWF      UART1_Write_Text_data__L0
;__Lib_UART_c67.c,51 :: 		
L_UART1_Write_Text5:
0x001B	0x0837      	MOVF       UART1_Write_Text_data__L0, 0
0x001C	0x3A00      	XORLW      0
0x001D	0x1903      	BTFSC      STATUS, 2
0x001E	0x282A      	GOTO       L_UART1_Write_Text6
;__Lib_UART_c67.c,52 :: 		
0x001F	0x0837      	MOVF       UART1_Write_Text_data__L0, 0
0x0020	0x00B9      	MOVWF      FARG_UART1_Write_data_
0x0021	0x2003      	CALL       _UART1_Write
;__Lib_UART_c67.c,53 :: 		
0x0022	0x1683      	BSF        STATUS, 5
0x0023	0x0AB8      	INCF       UART1_Write_Text_counter_L0, 1
;__Lib_UART_c67.c,54 :: 		
0x0024	0x0838      	MOVF       UART1_Write_Text_counter_L0, 0
0x0025	0x0736      	ADDWF      FARG_UART1_Write_Text_uart_text, 0
0x0026	0x0084      	MOVWF      FSR
0x0027	0x0800      	MOVF       INDF, 0
0x0028	0x00B7      	MOVWF      UART1_Write_Text_data__L0
;__Lib_UART_c67.c,55 :: 		
0x0029	0x281B      	GOTO       L_UART1_Write_Text5
L_UART1_Write_Text6:
;__Lib_UART_c67.c,56 :: 		
L_end_UART1_Write_Text:
0x002A	0x0008      	RETURN
; end of _UART1_Write_Text
___CC2DW:
;__Lib_System.c,134 :: 		
;__Lib_System.c,137 :: 		
_CC2D_Loop1:
;__Lib_System.c,139 :: 		
0x002B	0x200D      	CALL       _____DoICP
0x002C	0x118A      	BCF        PCLATH, 3
0x002D	0x120A      	BCF        PCLATH, 4
;__Lib_System.c,141 :: 		
0x002E	0x0080      	MOVWF      INDF
;__Lib_System.c,142 :: 		
0x002F	0x0A84      	INCF       FSR, 1
;__Lib_System.c,143 :: 		
0x0030	0x0AB4      	INCF       ___DoICPAddr, 1
;__Lib_System.c,145 :: 		
0x0031	0x1903      	BTFSC      STATUS, 2
;__Lib_System.c,146 :: 		
0x0032	0x0AB5      	INCF       ___DoICPAddr+1, 1
;__Lib_System.c,147 :: 		
0x0033	0x03F0      	DECF       R0, 1
;__Lib_System.c,149 :: 		
0x0034	0x1D03      	BTFSS      STATUS, 2
;__Lib_System.c,150 :: 		
0x0035	0x282B      	GOTO       _CC2D_Loop1
;__Lib_System.c,152 :: 		
L_end___CC2DW:
0x0036	0x0008      	RETURN
; end of ___CC2DW
_UART1_Init:
;__Lib_UART_c67.c,2 :: 		
;__Lib_UART_c67.c,5 :: 		
0x0037	0x1683      	BSF        STATUS, 5
0x0038	0x1303      	BCF        STATUS, 6
0x0039	0x1698      	BSF        TXSTA, 5
;__Lib_UART_c67.c,6 :: 		
0x003A	0x3090      	MOVLW      144
0x003B	0x1283      	BCF        STATUS, 5
0x003C	0x0098      	MOVWF      RCSTA
;__Lib_UART_c67.c,7 :: 		
0x003D	0x1683      	BSF        STATUS, 5
0x003E	0x1787      	BSF        TRISC7_bit, 7
;__Lib_UART_c67.c,8 :: 		
0x003F	0x1307      	BCF        TRISC6_bit, 6
;__Lib_UART_c67.c,10 :: 		
L_UART1_Init0:
0x0040	0x1283      	BCF        STATUS, 5
0x0041	0x1E8C      	BTFSS      PIR1, 5
0x0042	0x2846      	GOTO       L_UART1_Init1
;__Lib_UART_c67.c,11 :: 		
0x0043	0x081A      	MOVF       RCREG, 0
0x0044	0x00F0      	MOVWF      R0
0x0045	0x2840      	GOTO       L_UART1_Init0
L_UART1_Init1:
;__Lib_UART_c67.c,12 :: 		
L_end_UART1_Init:
0x0046	0x0008      	RETURN
; end of _UART1_Init
_main:
0x0047	0x20EE      	CALL       238
;Aoyon.c,3 :: 		void main()
;Aoyon.c,6 :: 		UART1_Init(9600);
0x0048	0x3081      	MOVLW      129
0x0049	0x1683      	BSF        STATUS, 5
0x004A	0x1303      	BCF        STATUS, 6
0x004B	0x0099      	MOVWF      SPBRG
0x004C	0x1518      	BSF        TXSTA, 2
0x004D	0x2037      	CALL       _UART1_Init
;Aoyon.c,7 :: 		Delay_ms(50);
0x004E	0x3002      	MOVLW      2
0x004F	0x00FB      	MOVWF      R11
0x0050	0x3045      	MOVLW      69
0x0051	0x00FC      	MOVWF      R12
0x0052	0x30A9      	MOVLW      169
0x0053	0x00FD      	MOVWF      R13
L_main0:
0x0054	0x0BFD      	DECFSZ     R13, 1
0x0055	0x2854      	GOTO       L_main0
0x0056	0x0BFC      	DECFSZ     R12, 1
0x0057	0x2854      	GOTO       L_main0
0x0058	0x0BFB      	DECFSZ     R11, 1
0x0059	0x2854      	GOTO       L_main0
0x005A	0x0000      	NOP
0x005B	0x0000      	NOP
;Aoyon.c,10 :: 		while(1)
L_main1:
;Aoyon.c,12 :: 		for(i = 0; i<5; i++)
0x005C	0x1683      	BSF        STATUS, 5
0x005D	0x01B2      	CLRF       _i
0x005E	0x01B3      	CLRF       _i+1
L_main3:
0x005F	0x3080      	MOVLW      128
0x0060	0x0633      	XORWF      _i+1, 0
0x0061	0x00F0      	MOVWF      R0
0x0062	0x3080      	MOVLW      128
0x0063	0x0270      	SUBWF      R0, 0
0x0064	0x1D03      	BTFSS      STATUS, 2
0x0065	0x2868      	GOTO       L__main8
0x0066	0x3005      	MOVLW      5
0x0067	0x0232      	SUBWF      _i, 0
L__main8:
0x0068	0x1803      	BTFSC      STATUS, 0
0x0069	0x2885      	GOTO       L_main4
;Aoyon.c,14 :: 		UART1_Write_Text(rfidVal[i]);
0x006A	0x0832      	MOVF       _i, 0
0x006B	0x3E20      	ADDLW      _rfidVal
0x006C	0x0084      	MOVWF      FSR
0x006D	0x0800      	MOVF       INDF, 0
0x006E	0x00B6      	MOVWF      FARG_UART1_Write_Text_uart_text
0x006F	0x2014      	CALL       _UART1_Write_Text
;Aoyon.c,15 :: 		UART1_Write_Text("\n");
0x0070	0x3025      	MOVLW      ?lstr6_Aoyon
0x0071	0x00B6      	MOVWF      FARG_UART1_Write_Text_uart_text
0x0072	0x2014      	CALL       _UART1_Write_Text
;Aoyon.c,16 :: 		Delay_ms(3000);
0x0073	0x304D      	MOVLW      77
0x0074	0x00FB      	MOVWF      R11
0x0075	0x3019      	MOVLW      25
0x0076	0x00FC      	MOVWF      R12
0x0077	0x304F      	MOVLW      79
0x0078	0x00FD      	MOVWF      R13
L_main6:
0x0079	0x0BFD      	DECFSZ     R13, 1
0x007A	0x2879      	GOTO       L_main6
0x007B	0x0BFC      	DECFSZ     R12, 1
0x007C	0x2879      	GOTO       L_main6
0x007D	0x0BFB      	DECFSZ     R11, 1
0x007E	0x2879      	GOTO       L_main6
0x007F	0x0000      	NOP
0x0080	0x0000      	NOP
;Aoyon.c,12 :: 		for(i = 0; i<5; i++)
0x0081	0x0AB2      	INCF       _i, 1
0x0082	0x1903      	BTFSC      STATUS, 2
0x0083	0x0AB3      	INCF       _i+1, 1
;Aoyon.c,17 :: 		}
0x0084	0x285F      	GOTO       L_main3
L_main4:
;Aoyon.c,19 :: 		}
0x0085	0x285C      	GOTO       L_main1
;Aoyon.c,20 :: 		}
L_end_main:
0x0086	0x2886      	GOTO       $+0
; end of _main
0x00EE	0x3020      	MOVLW      32
0x00EF	0x0084      	MOVWF      FSR
0x00F0	0x3050      	MOVLW      80
0x00F1	0x1283      	BCF        STATUS, 5
0x00F2	0x1303      	BCF        STATUS, 6
0x00F3	0x00F0      	MOVWF      R0
0x00F4	0x308C      	MOVLW      140
0x00F5	0x1683      	BSF        STATUS, 5
0x00F6	0x00B4      	MOVWF      ___DoICPAddr
0x00F7	0x3000      	MOVLW      0
0x00F8	0x00B5      	MOVWF      181
0x00F9	0x202B      	CALL       43
0x00FA	0x30A0      	MOVLW      160
0x00FB	0x0084      	MOVWF      FSR
0x00FC	0x3012      	MOVLW      18
0x00FD	0x1283      	BCF        STATUS, 5
0x00FE	0x1303      	BCF        STATUS, 6
0x00FF	0x00F0      	MOVWF      R0
0x0100	0x30DC      	MOVLW      220
0x0101	0x1683      	BSF        STATUS, 5
0x0102	0x00B4      	MOVWF      ___DoICPAddr
0x0103	0x3000      	MOVLW      0
0x0104	0x00B5      	MOVWF      181
0x0105	0x202B      	CALL       43
0x0106	0x0008      	RETURN
;Aoyon.c,0 :: ?ICS_rfidVal
0x008C	0x344A ;?ICS_rfidVal+0
0x008D	0x345B ;?ICS_rfidVal+1
0x008E	0x34A0 ;?ICS_rfidVal+2
0x008F	0x3427 ;?ICS_rfidVal+3
0x0090	0x3438 ;?ICS_rfidVal+4
; end of ?ICS_rfidVal
;Aoyon.c,0 :: ?ICS?lstr6_Aoyon
0x0091	0x340A ;?ICS?lstr6_Aoyon+0
0x0092	0x3400 ;?ICS?lstr6_Aoyon+1
; end of ?ICS?lstr6_Aoyon
;Aoyon.c,0 :: ?ICS?lstr4_Aoyon
0x0093	0x3465 ;?ICS?lstr4_Aoyon+0
0x0094	0x3472 ;?ICS?lstr4_Aoyon+1
0x0095	0x3467 ;?ICS?lstr4_Aoyon+2
0x0096	0x3433 ;?ICS?lstr4_Aoyon+3
0x0097	0x3434 ;?ICS?lstr4_Aoyon+4
0x0098	0x3472 ;?ICS?lstr4_Aoyon+5
0x0099	0x3476 ;?ICS?lstr4_Aoyon+6
0x009A	0x3465 ;?ICS?lstr4_Aoyon+7
0x009B	0x3464 ;?ICS?lstr4_Aoyon+8
0x009C	0x3476 ;?ICS?lstr4_Aoyon+9
0x009D	0x3474 ;?ICS?lstr4_Aoyon+10
0x009E	0x3472 ;?ICS?lstr4_Aoyon+11
0x009F	0x3468 ;?ICS?lstr4_Aoyon+12
0x00A0	0x3475 ;?ICS?lstr4_Aoyon+13
0x00A1	0x3477 ;?ICS?lstr4_Aoyon+14
0x00A2	0x3473 ;?ICS?lstr4_Aoyon+15
0x00A3	0x3400 ;?ICS?lstr4_Aoyon+16
; end of ?ICS?lstr4_Aoyon
;Aoyon.c,0 :: ?ICS?lstr5_Aoyon
0x00A4	0x3477 ;?ICS?lstr5_Aoyon+0
0x00A5	0x3465 ;?ICS?lstr5_Aoyon+1
0x00A6	0x3472 ;?ICS?lstr5_Aoyon+2
0x00A7	0x3467 ;?ICS?lstr5_Aoyon+3
0x00A8	0x3466 ;?ICS?lstr5_Aoyon+4
0x00A9	0x3476 ;?ICS?lstr5_Aoyon+5
0x00AA	0x3477 ;?ICS?lstr5_Aoyon+6
0x00AB	0x3433 ;?ICS?lstr5_Aoyon+7
0x00AC	0x3434 ;?ICS?lstr5_Aoyon+8
0x00AD	0x3466 ;?ICS?lstr5_Aoyon+9
0x00AE	0x3469 ;?ICS?lstr5_Aoyon+10
0x00AF	0x3475 ;?ICS?lstr5_Aoyon+11
0x00B0	0x3476 ;?ICS?lstr5_Aoyon+12
0x00B1	0x3464 ;?ICS?lstr5_Aoyon+13
0x00B2	0x3476 ;?ICS?lstr5_Aoyon+14
0x00B3	0x3434 ;?ICS?lstr5_Aoyon+15
0x00B4	0x3472 ;?ICS?lstr5_Aoyon+16
0x00B5	0x3400 ;?ICS?lstr5_Aoyon+17
; end of ?ICS?lstr5_Aoyon
;Aoyon.c,0 :: ?ICS?lstr1_Aoyon
0x00B6	0x3475 ;?ICS?lstr1_Aoyon+0
0x00B7	0x3469 ;?ICS?lstr1_Aoyon+1
0x00B8	0x3462 ;?ICS?lstr1_Aoyon+2
0x00B9	0x3468 ;?ICS?lstr1_Aoyon+3
0x00BA	0x3438 ;?ICS?lstr1_Aoyon+4
0x00BB	0x3437 ;?ICS?lstr1_Aoyon+5
0x00BC	0x3467 ;?ICS?lstr1_Aoyon+6
0x00BD	0x3462 ;?ICS?lstr1_Aoyon+7
0x00BE	0x3438 ;?ICS?lstr1_Aoyon+8
0x00BF	0x3464 ;?ICS?lstr1_Aoyon+9
0x00C0	0x3463 ;?ICS?lstr1_Aoyon+10
0x00C1	0x3438 ;?ICS?lstr1_Aoyon+11
0x00C2	0x3464 ;?ICS?lstr1_Aoyon+12
0x00C3	0x3463 ;?ICS?lstr1_Aoyon+13
0x00C4	0x3467 ;?ICS?lstr1_Aoyon+14
0x00C5	0x3474 ;?ICS?lstr1_Aoyon+15
0x00C6	0x3400 ;?ICS?lstr1_Aoyon+16
; end of ?ICS?lstr1_Aoyon
;Aoyon.c,0 :: ?ICS?lstr2_Aoyon
0x00C7	0x346B ;?ICS?lstr2_Aoyon+0
0x00C8	0x346C ;?ICS?lstr2_Aoyon+1
0x00C9	0x3467 ;?ICS?lstr2_Aoyon+2
0x00CA	0x3433 ;?ICS?lstr2_Aoyon+3
0x00CB	0x3434 ;?ICS?lstr2_Aoyon+4
0x00CC	0x3466 ;?ICS?lstr2_Aoyon+5
0x00CD	0x3478 ;?ICS?lstr2_Aoyon+6
0x00CE	0x3463 ;?ICS?lstr2_Aoyon+7
0x00CF	0x3466 ;?ICS?lstr2_Aoyon+8
0x00D0	0x3469 ;?ICS?lstr2_Aoyon+9
0x00D1	0x3469 ;?ICS?lstr2_Aoyon+10
0x00D2	0x3465 ;?ICS?lstr2_Aoyon+11
0x00D3	0x3474 ;?ICS?lstr2_Aoyon+12
0x00D4	0x3472 ;?ICS?lstr2_Aoyon+13
0x00D5	0x346B ;?ICS?lstr2_Aoyon+14
0x00D6	0x346F ;?ICS?lstr2_Aoyon+15
0x00D7	0x346F ;?ICS?lstr2_Aoyon+16
0x00D8	0x3468 ;?ICS?lstr2_Aoyon+17
0x00D9	0x3469 ;?ICS?lstr2_Aoyon+18
0x00DA	0x3468 ;?ICS?lstr2_Aoyon+19
0x00DB	0x3400 ;?ICS?lstr2_Aoyon+20
; end of ?ICS?lstr2_Aoyon
;Aoyon.c,0 :: ?ICS?lstr3_Aoyon
0x00DC	0x3466 ;?ICS?lstr3_Aoyon+0
0x00DD	0x3472 ;?ICS?lstr3_Aoyon+1
0x00DE	0x3464 ;?ICS?lstr3_Aoyon+2
0x00DF	0x3463 ;?ICS?lstr3_Aoyon+3
0x00E0	0x3472 ;?ICS?lstr3_Aoyon+4
0x00E1	0x3433 ;?ICS?lstr3_Aoyon+5
0x00E2	0x3434 ;?ICS?lstr3_Aoyon+6
0x00E3	0x3472 ;?ICS?lstr3_Aoyon+7
0x00E4	0x3466 ;?ICS?lstr3_Aoyon+8
0x00E5	0x3465 ;?ICS?lstr3_Aoyon+9
0x00E6	0x3464 ;?ICS?lstr3_Aoyon+10
0x00E7	0x3476 ;?ICS?lstr3_Aoyon+11
0x00E8	0x346B ;?ICS?lstr3_Aoyon+12
0x00E9	0x3470 ;?ICS?lstr3_Aoyon+13
0x00EA	0x3468 ;?ICS?lstr3_Aoyon+14
0x00EB	0x3465 ;?ICS?lstr3_Aoyon+15
0x00EC	0x346C ;?ICS?lstr3_Aoyon+16
0x00ED	0x3400 ;?ICS?lstr3_Aoyon+17
; end of ?ICS?lstr3_Aoyon
Symbol List:
//** Routines locations **
//ADDRESS    SIZE    PROCEDURE
//----------------------------------------------
0x0003      [10]    _UART1_Write
0x000D       [7]    _____DoICP
0x0014      [23]    _UART1_Write_Text
0x002B      [12]    ___CC2DW
0x0037      [16]    _UART1_Init
0x0047      [63]    _main
//** Variables locations ** 
//ADDRESS    SIZE    VARIABLE
//----------------------------------------------
0x0000       [1]    INDF
0x0002       [1]    PCL
0x0003       [1]    STATUS
0x0004       [1]    FSR
0x000A       [1]    PCLATH
0x000C       [1]    PIR1
0x0018       [1]    RCSTA
0x0019       [1]    TXREG
0x001A       [1]    RCREG
0x0020       [5]    _rfidVal
0x0025       [2]    ?lstr6_Aoyon
0x0027      [17]    ?lstr4_Aoyon
0x0038      [18]    ?lstr5_Aoyon
0x004A      [17]    ?lstr1_Aoyon
0x005B      [21]    ?lstr2_Aoyon
0x0070       [1]    R0
0x0071       [1]    R1
0x0072       [1]    R2
0x0073       [1]    R3
0x0074       [1]    R4
0x0075       [1]    R5
0x0076       [1]    R6
0x0077       [1]    R7
0x0078       [1]    R8
0x0079       [1]    R9
0x007A       [1]    R10
0x007B       [1]    R11
0x007C       [1]    R12
0x007D       [1]    R13
0x007E       [1]    R14
0x007F       [1]    R15
0x0087       [0]    TRISC6_bit
0x0087       [0]    TRISC7_bit
0x0098       [1]    TXSTA
0x0099       [1]    SPBRG
0x00A0      [18]    ?lstr3_Aoyon
0x00B2       [2]    _i
0x00B4       [2]    ___DoICPAddr
0x00B6       [1]    FARG_UART1_Write_Text_uart_text
0x00B7       [1]    UART1_Write_Text_data__L0
0x00B8       [1]    UART1_Write_Text_counter_L0
0x00B9       [1]    FARG_UART1_Write_data_
//** Constants locations ** 
//ADDRESS    SIZE    CONSTANT
//----------------------------------------------
0x008C       [5]    ?ICS_rfidVal
0x0091       [2]    ?ICS?lstr6_Aoyon
0x0093      [17]    ?ICS?lstr4_Aoyon
0x00A4      [18]    ?ICS?lstr5_Aoyon
0x00B6      [17]    ?ICS?lstr1_Aoyon
0x00C7      [21]    ?ICS?lstr2_Aoyon
0x00DC      [18]    ?ICS?lstr3_Aoyon
//** Label List: ** 
//----------------------------------------------
  L_main0
  L_main1
  L_main2
  L_main3
  L_main4
  L_main5
  L_main6
  L_end_main
  _main
  L__main8
  L_loopCA2AWs
  L_CA2AWend
  _CCA2AW_Loop1
  L_loopCS2Ss
  L_CS2Send
  _CCS2S_Loop1
  L_CCS2Send
  L_loopFZinSWs
  L_FZinSend
  _CC2D_Loop1
  L_end_____DoICP
  _____DoICP
  L_end_____DoIFC
  _____DoIFC
  L_end___CA2AW
  ___CA2AW
  L_end___CCA2AW
  ___CCA2AW
  L_end___CS2S
  ___CS2S
  L_end___CCS2S
  ___CCS2S
  L_end___FZinS
  ___FZinS
  L_end___CC2DW
  ___CC2DW
  L_end_Swap
  _Swap
  L_UART1_Init0
  L_UART1_Init1
  L_UART1_Read2
  L_UART1_Write3
  L_UART1_Write4
  L_UART1_Write_Text5
  L_UART1_Write_Text6
  L_UART1_Read_Text7
  L_UART1_Read_Text8
  L_UART1_Read_Text9
  L_UART1_Read_Text10
  L_UART1_Read_Text11
  L_UART1_Read_Text12
  L_UART1_Read_Text13
  L_UART1_Read_Text14
  L_UART1_Read_Text15
  L_end_UART1_Init
  _UART1_Init
  L_end_UART1_Data_Ready
  _UART1_Data_Ready
  L_end_UART1_Read
  _UART1_Read
  L_end_UART1_Tx_Idle
  _UART1_Tx_Idle
  L_end_UART1_Write
  _UART1_Write
  L_end_UART1_Write_Text
  _UART1_Write_Text
  L_end_UART1_Read_Text
  _UART1_Read_Text
